[2024-03-07 21:03:37] local.ERROR: Target class [App\Http\Controllers\Request] does not exist. {"exception":"[object] (Illuminate\\Contracts\\Container\\BindingResolutionException(code: 0): Target class [App\\Http\\Controllers\\Request] does not exist. at /Applications/MAMP/htdocs/lumen/vendor/illuminate/container/Container.php:879)
[stacktrace]
#0 /Applications/MAMP/htdocs/lumen/vendor/illuminate/container/Container.php(758): Illuminate\\Container\\Container->build('App\\\\Http\\\\Contro...')
#1 /Applications/MAMP/htdocs/lumen/vendor/illuminate/container/Container.php(694): Illuminate\\Container\\Container->resolve('App\\\\Http\\\\Contro...', Array)
#2 /Applications/MAMP/htdocs/lumen/vendor/laravel/lumen-framework/src/Application.php(300): Illuminate\\Container\\Container->make('App\\\\Http\\\\Contro...', Array)
#3 /Applications/MAMP/htdocs/lumen/vendor/illuminate/container/BoundMethod.php(182): Laravel\\Lumen\\Application->make('App\\\\Http\\\\Contro...')
#4 /Applications/MAMP/htdocs/lumen/vendor/illuminate/container/BoundMethod.php(124): Illuminate\\Container\\BoundMethod::addDependencyForCallParameter(Object(Laravel\\Lumen\\Application), Object(ReflectionParameter), Array, Array)
#5 /Applications/MAMP/htdocs/lumen/vendor/illuminate/container/BoundMethod.php(36): Illuminate\\Container\\BoundMethod::getMethodDependencies(Object(Laravel\\Lumen\\Application), Array, Array)
#6 /Applications/MAMP/htdocs/lumen/vendor/illuminate/container/Util.php(40): Illuminate\\Container\\BoundMethod::Illuminate\\Container\\{closure}()
#7 /Applications/MAMP/htdocs/lumen/vendor/illuminate/container/BoundMethod.php(93): Illuminate\\Container\\Util::unwrapIfClosure(Object(Closure))
#8 /Applications/MAMP/htdocs/lumen/vendor/illuminate/container/BoundMethod.php(37): Illuminate\\Container\\BoundMethod::callBoundMethod(Object(Laravel\\Lumen\\Application), Array, Object(Closure))
#9 /Applications/MAMP/htdocs/lumen/vendor/illuminate/container/Container.php(653): Illuminate\\Container\\BoundMethod::call(Object(Laravel\\Lumen\\Application), Array, Array, NULL)
#10 /Applications/MAMP/htdocs/lumen/vendor/laravel/lumen-framework/src/Concerns/RoutesRequests.php(389): Illuminate\\Container\\Container->call(Array, Array)
#11 /Applications/MAMP/htdocs/lumen/vendor/laravel/lumen-framework/src/Concerns/RoutesRequests.php(355): Laravel\\Lumen\\Application->callControllerCallable(Array, Array)
#12 /Applications/MAMP/htdocs/lumen/vendor/laravel/lumen-framework/src/Concerns/RoutesRequests.php(329): Laravel\\Lumen\\Application->callLumenController(Object(App\\Http\\Controllers\\BookController), 'save', Array)
#13 /Applications/MAMP/htdocs/lumen/vendor/laravel/lumen-framework/src/Concerns/RoutesRequests.php(282): Laravel\\Lumen\\Application->callControllerAction(Array)
#14 /Applications/MAMP/htdocs/lumen/vendor/laravel/lumen-framework/src/Concerns/RoutesRequests.php(267): Laravel\\Lumen\\Application->callActionOnArrayBasedRoute(Array)
#15 /Applications/MAMP/htdocs/lumen/vendor/laravel/lumen-framework/src/Concerns/RoutesRequests.php(169): Laravel\\Lumen\\Application->handleFoundRoute(Array)
#16 /Applications/MAMP/htdocs/lumen/vendor/laravel/lumen-framework/src/Concerns/RoutesRequests.php(429): Laravel\\Lumen\\Application->Laravel\\Lumen\\Concerns\\{closure}(Object(Laravel\\Lumen\\Http\\Request))
#17 /Applications/MAMP/htdocs/lumen/vendor/laravel/lumen-framework/src/Concerns/RoutesRequests.php(175): Laravel\\Lumen\\Application->sendThroughPipeline(Array, Object(Closure))
#18 /Applications/MAMP/htdocs/lumen/vendor/laravel/lumen-framework/src/Concerns/RoutesRequests.php(112): Laravel\\Lumen\\Application->dispatch(NULL)
#19 /Applications/MAMP/htdocs/lumen/public/index.php(28): Laravel\\Lumen\\Application->run()
#20 {main}

[previous exception] [object] (ReflectionException(code: -1): Class \"App\\Http\\Controllers\\Request\" does not exist at /Applications/MAMP/htdocs/lumen/vendor/illuminate/container/Container.php:877)
[stacktrace]
#0 /Applications/MAMP/htdocs/lumen/vendor/illuminate/container/Container.php(877): ReflectionClass->__construct('App\\\\Http\\\\Contro...')
#1 /Applications/MAMP/htdocs/lumen/vendor/illuminate/container/Container.php(758): Illuminate\\Container\\Container->build('App\\\\Http\\\\Contro...')
#2 /Applications/MAMP/htdocs/lumen/vendor/illuminate/container/Container.php(694): Illuminate\\Container\\Container->resolve('App\\\\Http\\\\Contro...', Array)
#3 /Applications/MAMP/htdocs/lumen/vendor/laravel/lumen-framework/src/Application.php(300): Illuminate\\Container\\Container->make('App\\\\Http\\\\Contro...', Array)
#4 /Applications/MAMP/htdocs/lumen/vendor/illuminate/container/BoundMethod.php(182): Laravel\\Lumen\\Application->make('App\\\\Http\\\\Contro...')
#5 /Applications/MAMP/htdocs/lumen/vendor/illuminate/container/BoundMethod.php(124): Illuminate\\Container\\BoundMethod::addDependencyForCallParameter(Object(Laravel\\Lumen\\Application), Object(ReflectionParameter), Array, Array)
#6 /Applications/MAMP/htdocs/lumen/vendor/illuminate/container/BoundMethod.php(36): Illuminate\\Container\\BoundMethod::getMethodDependencies(Object(Laravel\\Lumen\\Application), Array, Array)
#7 /Applications/MAMP/htdocs/lumen/vendor/illuminate/container/Util.php(40): Illuminate\\Container\\BoundMethod::Illuminate\\Container\\{closure}()
#8 /Applications/MAMP/htdocs/lumen/vendor/illuminate/container/BoundMethod.php(93): Illuminate\\Container\\Util::unwrapIfClosure(Object(Closure))
#9 /Applications/MAMP/htdocs/lumen/vendor/illuminate/container/BoundMethod.php(37): Illuminate\\Container\\BoundMethod::callBoundMethod(Object(Laravel\\Lumen\\Application), Array, Object(Closure))
#10 /Applications/MAMP/htdocs/lumen/vendor/illuminate/container/Container.php(653): Illuminate\\Container\\BoundMethod::call(Object(Laravel\\Lumen\\Application), Array, Array, NULL)
#11 /Applications/MAMP/htdocs/lumen/vendor/laravel/lumen-framework/src/Concerns/RoutesRequests.php(389): Illuminate\\Container\\Container->call(Array, Array)
#12 /Applications/MAMP/htdocs/lumen/vendor/laravel/lumen-framework/src/Concerns/RoutesRequests.php(355): Laravel\\Lumen\\Application->callControllerCallable(Array, Array)
#13 /Applications/MAMP/htdocs/lumen/vendor/laravel/lumen-framework/src/Concerns/RoutesRequests.php(329): Laravel\\Lumen\\Application->callLumenController(Object(App\\Http\\Controllers\\BookController), 'save', Array)
#14 /Applications/MAMP/htdocs/lumen/vendor/laravel/lumen-framework/src/Concerns/RoutesRequests.php(282): Laravel\\Lumen\\Application->callControllerAction(Array)
#15 /Applications/MAMP/htdocs/lumen/vendor/laravel/lumen-framework/src/Concerns/RoutesRequests.php(267): Laravel\\Lumen\\Application->callActionOnArrayBasedRoute(Array)
#16 /Applications/MAMP/htdocs/lumen/vendor/laravel/lumen-framework/src/Concerns/RoutesRequests.php(169): Laravel\\Lumen\\Application->handleFoundRoute(Array)
#17 /Applications/MAMP/htdocs/lumen/vendor/laravel/lumen-framework/src/Concerns/RoutesRequests.php(429): Laravel\\Lumen\\Application->Laravel\\Lumen\\Concerns\\{closure}(Object(Laravel\\Lumen\\Http\\Request))
#18 /Applications/MAMP/htdocs/lumen/vendor/laravel/lumen-framework/src/Concerns/RoutesRequests.php(175): Laravel\\Lumen\\Application->sendThroughPipeline(Array, Object(Closure))
#19 /Applications/MAMP/htdocs/lumen/vendor/laravel/lumen-framework/src/Concerns/RoutesRequests.php(112): Laravel\\Lumen\\Application->dispatch(NULL)
#20 /Applications/MAMP/htdocs/lumen/public/index.php(28): Laravel\\Lumen\\Application->run()
#21 {main}
"} 
[2024-03-07 21:04:21] local.ERROR: Target class [App\Http\Controllers\Request] does not exist. {"exception":"[object] (Illuminate\\Contracts\\Container\\BindingResolutionException(code: 0): Target class [App\\Http\\Controllers\\Request] does not exist. at /Applications/MAMP/htdocs/lumen/vendor/illuminate/container/Container.php:879)
[stacktrace]
#0 /Applications/MAMP/htdocs/lumen/vendor/illuminate/container/Container.php(758): Illuminate\\Container\\Container->build('App\\\\Http\\\\Contro...')
#1 /Applications/MAMP/htdocs/lumen/vendor/illuminate/container/Container.php(694): Illuminate\\Container\\Container->resolve('App\\\\Http\\\\Contro...', Array)
#2 /Applications/MAMP/htdocs/lumen/vendor/laravel/lumen-framework/src/Application.php(300): Illuminate\\Container\\Container->make('App\\\\Http\\\\Contro...', Array)
#3 /Applications/MAMP/htdocs/lumen/vendor/illuminate/container/BoundMethod.php(182): Laravel\\Lumen\\Application->make('App\\\\Http\\\\Contro...')
#4 /Applications/MAMP/htdocs/lumen/vendor/illuminate/container/BoundMethod.php(124): Illuminate\\Container\\BoundMethod::addDependencyForCallParameter(Object(Laravel\\Lumen\\Application), Object(ReflectionParameter), Array, Array)
#5 /Applications/MAMP/htdocs/lumen/vendor/illuminate/container/BoundMethod.php(36): Illuminate\\Container\\BoundMethod::getMethodDependencies(Object(Laravel\\Lumen\\Application), Array, Array)
#6 /Applications/MAMP/htdocs/lumen/vendor/illuminate/container/Util.php(40): Illuminate\\Container\\BoundMethod::Illuminate\\Container\\{closure}()
#7 /Applications/MAMP/htdocs/lumen/vendor/illuminate/container/BoundMethod.php(93): Illuminate\\Container\\Util::unwrapIfClosure(Object(Closure))
#8 /Applications/MAMP/htdocs/lumen/vendor/illuminate/container/BoundMethod.php(37): Illuminate\\Container\\BoundMethod::callBoundMethod(Object(Laravel\\Lumen\\Application), Array, Object(Closure))
#9 /Applications/MAMP/htdocs/lumen/vendor/illuminate/container/Container.php(653): Illuminate\\Container\\BoundMethod::call(Object(Laravel\\Lumen\\Application), Array, Array, NULL)
#10 /Applications/MAMP/htdocs/lumen/vendor/laravel/lumen-framework/src/Concerns/RoutesRequests.php(389): Illuminate\\Container\\Container->call(Array, Array)
#11 /Applications/MAMP/htdocs/lumen/vendor/laravel/lumen-framework/src/Concerns/RoutesRequests.php(355): Laravel\\Lumen\\Application->callControllerCallable(Array, Array)
#12 /Applications/MAMP/htdocs/lumen/vendor/laravel/lumen-framework/src/Concerns/RoutesRequests.php(329): Laravel\\Lumen\\Application->callLumenController(Object(App\\Http\\Controllers\\BookController), 'save', Array)
#13 /Applications/MAMP/htdocs/lumen/vendor/laravel/lumen-framework/src/Concerns/RoutesRequests.php(282): Laravel\\Lumen\\Application->callControllerAction(Array)
#14 /Applications/MAMP/htdocs/lumen/vendor/laravel/lumen-framework/src/Concerns/RoutesRequests.php(267): Laravel\\Lumen\\Application->callActionOnArrayBasedRoute(Array)
#15 /Applications/MAMP/htdocs/lumen/vendor/laravel/lumen-framework/src/Concerns/RoutesRequests.php(169): Laravel\\Lumen\\Application->handleFoundRoute(Array)
#16 /Applications/MAMP/htdocs/lumen/vendor/laravel/lumen-framework/src/Concerns/RoutesRequests.php(429): Laravel\\Lumen\\Application->Laravel\\Lumen\\Concerns\\{closure}(Object(Laravel\\Lumen\\Http\\Request))
#17 /Applications/MAMP/htdocs/lumen/vendor/laravel/lumen-framework/src/Concerns/RoutesRequests.php(175): Laravel\\Lumen\\Application->sendThroughPipeline(Array, Object(Closure))
#18 /Applications/MAMP/htdocs/lumen/vendor/laravel/lumen-framework/src/Concerns/RoutesRequests.php(112): Laravel\\Lumen\\Application->dispatch(NULL)
#19 /Applications/MAMP/htdocs/lumen/public/index.php(28): Laravel\\Lumen\\Application->run()
#20 {main}

[previous exception] [object] (ReflectionException(code: -1): Class \"App\\Http\\Controllers\\Request\" does not exist at /Applications/MAMP/htdocs/lumen/vendor/illuminate/container/Container.php:877)
[stacktrace]
#0 /Applications/MAMP/htdocs/lumen/vendor/illuminate/container/Container.php(877): ReflectionClass->__construct('App\\\\Http\\\\Contro...')
#1 /Applications/MAMP/htdocs/lumen/vendor/illuminate/container/Container.php(758): Illuminate\\Container\\Container->build('App\\\\Http\\\\Contro...')
#2 /Applications/MAMP/htdocs/lumen/vendor/illuminate/container/Container.php(694): Illuminate\\Container\\Container->resolve('App\\\\Http\\\\Contro...', Array)
#3 /Applications/MAMP/htdocs/lumen/vendor/laravel/lumen-framework/src/Application.php(300): Illuminate\\Container\\Container->make('App\\\\Http\\\\Contro...', Array)
#4 /Applications/MAMP/htdocs/lumen/vendor/illuminate/container/BoundMethod.php(182): Laravel\\Lumen\\Application->make('App\\\\Http\\\\Contro...')
#5 /Applications/MAMP/htdocs/lumen/vendor/illuminate/container/BoundMethod.php(124): Illuminate\\Container\\BoundMethod::addDependencyForCallParameter(Object(Laravel\\Lumen\\Application), Object(ReflectionParameter), Array, Array)
#6 /Applications/MAMP/htdocs/lumen/vendor/illuminate/container/BoundMethod.php(36): Illuminate\\Container\\BoundMethod::getMethodDependencies(Object(Laravel\\Lumen\\Application), Array, Array)
#7 /Applications/MAMP/htdocs/lumen/vendor/illuminate/container/Util.php(40): Illuminate\\Container\\BoundMethod::Illuminate\\Container\\{closure}()
#8 /Applications/MAMP/htdocs/lumen/vendor/illuminate/container/BoundMethod.php(93): Illuminate\\Container\\Util::unwrapIfClosure(Object(Closure))
#9 /Applications/MAMP/htdocs/lumen/vendor/illuminate/container/BoundMethod.php(37): Illuminate\\Container\\BoundMethod::callBoundMethod(Object(Laravel\\Lumen\\Application), Array, Object(Closure))
#10 /Applications/MAMP/htdocs/lumen/vendor/illuminate/container/Container.php(653): Illuminate\\Container\\BoundMethod::call(Object(Laravel\\Lumen\\Application), Array, Array, NULL)
#11 /Applications/MAMP/htdocs/lumen/vendor/laravel/lumen-framework/src/Concerns/RoutesRequests.php(389): Illuminate\\Container\\Container->call(Array, Array)
#12 /Applications/MAMP/htdocs/lumen/vendor/laravel/lumen-framework/src/Concerns/RoutesRequests.php(355): Laravel\\Lumen\\Application->callControllerCallable(Array, Array)
#13 /Applications/MAMP/htdocs/lumen/vendor/laravel/lumen-framework/src/Concerns/RoutesRequests.php(329): Laravel\\Lumen\\Application->callLumenController(Object(App\\Http\\Controllers\\BookController), 'save', Array)
#14 /Applications/MAMP/htdocs/lumen/vendor/laravel/lumen-framework/src/Concerns/RoutesRequests.php(282): Laravel\\Lumen\\Application->callControllerAction(Array)
#15 /Applications/MAMP/htdocs/lumen/vendor/laravel/lumen-framework/src/Concerns/RoutesRequests.php(267): Laravel\\Lumen\\Application->callActionOnArrayBasedRoute(Array)
#16 /Applications/MAMP/htdocs/lumen/vendor/laravel/lumen-framework/src/Concerns/RoutesRequests.php(169): Laravel\\Lumen\\Application->handleFoundRoute(Array)
#17 /Applications/MAMP/htdocs/lumen/vendor/laravel/lumen-framework/src/Concerns/RoutesRequests.php(429): Laravel\\Lumen\\Application->Laravel\\Lumen\\Concerns\\{closure}(Object(Laravel\\Lumen\\Http\\Request))
#18 /Applications/MAMP/htdocs/lumen/vendor/laravel/lumen-framework/src/Concerns/RoutesRequests.php(175): Laravel\\Lumen\\Application->sendThroughPipeline(Array, Object(Closure))
#19 /Applications/MAMP/htdocs/lumen/vendor/laravel/lumen-framework/src/Concerns/RoutesRequests.php(112): Laravel\\Lumen\\Application->dispatch(NULL)
#20 /Applications/MAMP/htdocs/lumen/public/index.php(28): Laravel\\Lumen\\Application->run()
#21 {main}
"} 
[2024-03-07 21:05:26] local.ERROR: Class "App\Http\Controllers\User" not found {"exception":"[object] (Error(code: 0): Class \"App\\Http\\Controllers\\User\" not found at /Applications/MAMP/htdocs/lumen/app/Http/Controllers/BookController.php:36)
[stacktrace]
#0 /Applications/MAMP/htdocs/lumen/vendor/illuminate/container/BoundMethod.php(36): App\\Http\\Controllers\\BookController->save(Object(Laravel\\Lumen\\Http\\Request))
#1 /Applications/MAMP/htdocs/lumen/vendor/illuminate/container/Util.php(40): Illuminate\\Container\\BoundMethod::Illuminate\\Container\\{closure}()
#2 /Applications/MAMP/htdocs/lumen/vendor/illuminate/container/BoundMethod.php(93): Illuminate\\Container\\Util::unwrapIfClosure(Object(Closure))
#3 /Applications/MAMP/htdocs/lumen/vendor/illuminate/container/BoundMethod.php(37): Illuminate\\Container\\BoundMethod::callBoundMethod(Object(Laravel\\Lumen\\Application), Array, Object(Closure))
#4 /Applications/MAMP/htdocs/lumen/vendor/illuminate/container/Container.php(653): Illuminate\\Container\\BoundMethod::call(Object(Laravel\\Lumen\\Application), Array, Array, NULL)
#5 /Applications/MAMP/htdocs/lumen/vendor/laravel/lumen-framework/src/Concerns/RoutesRequests.php(389): Illuminate\\Container\\Container->call(Array, Array)
#6 /Applications/MAMP/htdocs/lumen/vendor/laravel/lumen-framework/src/Concerns/RoutesRequests.php(355): Laravel\\Lumen\\Application->callControllerCallable(Array, Array)
#7 /Applications/MAMP/htdocs/lumen/vendor/laravel/lumen-framework/src/Concerns/RoutesRequests.php(329): Laravel\\Lumen\\Application->callLumenController(Object(App\\Http\\Controllers\\BookController), 'save', Array)
#8 /Applications/MAMP/htdocs/lumen/vendor/laravel/lumen-framework/src/Concerns/RoutesRequests.php(282): Laravel\\Lumen\\Application->callControllerAction(Array)
#9 /Applications/MAMP/htdocs/lumen/vendor/laravel/lumen-framework/src/Concerns/RoutesRequests.php(267): Laravel\\Lumen\\Application->callActionOnArrayBasedRoute(Array)
#10 /Applications/MAMP/htdocs/lumen/vendor/laravel/lumen-framework/src/Concerns/RoutesRequests.php(169): Laravel\\Lumen\\Application->handleFoundRoute(Array)
#11 /Applications/MAMP/htdocs/lumen/vendor/laravel/lumen-framework/src/Concerns/RoutesRequests.php(429): Laravel\\Lumen\\Application->Laravel\\Lumen\\Concerns\\{closure}(Object(Laravel\\Lumen\\Http\\Request))
#12 /Applications/MAMP/htdocs/lumen/vendor/laravel/lumen-framework/src/Concerns/RoutesRequests.php(175): Laravel\\Lumen\\Application->sendThroughPipeline(Array, Object(Closure))
#13 /Applications/MAMP/htdocs/lumen/vendor/laravel/lumen-framework/src/Concerns/RoutesRequests.php(112): Laravel\\Lumen\\Application->dispatch(NULL)
#14 /Applications/MAMP/htdocs/lumen/public/index.php(28): Laravel\\Lumen\\Application->run()
#15 {main}
"} 
[2024-03-07 21:06:51] local.ERROR: SQLSTATE[42S22]: Column not found: 1054 Unknown column 'updated_at' in 'field list' (SQL: insert into `books` (`title`, `author_id`, `published_date`, `book_image`, `updated_at`, `created_at`) values (safwrgrdwdfdwfwefwesvdgrwg, 2, 2023-02-03, test.jpg, 2024-03-07 21:06:51, 2024-03-07 21:06:51)) {"exception":"[object] (Illuminate\\Database\\QueryException(code: 42S22): SQLSTATE[42S22]: Column not found: 1054 Unknown column 'updated_at' in 'field list' (SQL: insert into `books` (`title`, `author_id`, `published_date`, `book_image`, `updated_at`, `created_at`) values (safwrgrdwdfdwfwefwesvdgrwg, 2, 2023-02-03, test.jpg, 2024-03-07 21:06:51, 2024-03-07 21:06:51)) at /Applications/MAMP/htdocs/lumen/vendor/illuminate/database/Connection.php:712)
[stacktrace]
#0 /Applications/MAMP/htdocs/lumen/vendor/illuminate/database/Connection.php(672): Illuminate\\Database\\Connection->runQueryCallback('insert into `bo...', Array, Object(Closure))
#1 /Applications/MAMP/htdocs/lumen/vendor/illuminate/database/Connection.php(502): Illuminate\\Database\\Connection->run('insert into `bo...', Array, Object(Closure))
#2 /Applications/MAMP/htdocs/lumen/vendor/illuminate/database/Connection.php(454): Illuminate\\Database\\Connection->statement('insert into `bo...', Array)
#3 /Applications/MAMP/htdocs/lumen/vendor/illuminate/database/Query/Processors/Processor.php(32): Illuminate\\Database\\Connection->insert('insert into `bo...', Array)
#4 /Applications/MAMP/htdocs/lumen/vendor/illuminate/database/Query/Builder.php(3028): Illuminate\\Database\\Query\\Processors\\Processor->processInsertGetId(Object(Illuminate\\Database\\Query\\Builder), 'insert into `bo...', Array, 'id')
#5 /Applications/MAMP/htdocs/lumen/vendor/illuminate/database/Eloquent/Builder.php(1657): Illuminate\\Database\\Query\\Builder->insertGetId(Array, 'id')
#6 /Applications/MAMP/htdocs/lumen/vendor/illuminate/database/Eloquent/Model.php(1188): Illuminate\\Database\\Eloquent\\Builder->__call('insertGetId', Array)
#7 /Applications/MAMP/htdocs/lumen/vendor/illuminate/database/Eloquent/Model.php(1153): Illuminate\\Database\\Eloquent\\Model->insertAndSetId(Object(Illuminate\\Database\\Eloquent\\Builder), Array)
#8 /Applications/MAMP/htdocs/lumen/vendor/illuminate/database/Eloquent/Model.php(994): Illuminate\\Database\\Eloquent\\Model->performInsert(Object(Illuminate\\Database\\Eloquent\\Builder))
#9 /Applications/MAMP/htdocs/lumen/vendor/illuminate/database/Eloquent/Builder.php(896): Illuminate\\Database\\Eloquent\\Model->save()
#10 /Applications/MAMP/htdocs/lumen/vendor/illuminate/support/helpers.php(263): Illuminate\\Database\\Eloquent\\Builder->Illuminate\\Database\\Eloquent\\{closure}(Object(App\\Models\\Book))
#11 /Applications/MAMP/htdocs/lumen/vendor/illuminate/database/Eloquent/Builder.php(897): tap(Object(App\\Models\\Book), Object(Closure))
#12 /Applications/MAMP/htdocs/lumen/vendor/illuminate/support/Traits/ForwardsCalls.php(23): Illuminate\\Database\\Eloquent\\Builder->create(Array)
#13 /Applications/MAMP/htdocs/lumen/vendor/illuminate/database/Eloquent/Model.php(2132): Illuminate\\Database\\Eloquent\\Model->forwardCallTo(Object(Illuminate\\Database\\Eloquent\\Builder), 'create', Array)
#14 /Applications/MAMP/htdocs/lumen/vendor/illuminate/database/Eloquent/Model.php(2144): Illuminate\\Database\\Eloquent\\Model->__call('create', Array)
#15 /Applications/MAMP/htdocs/lumen/app/Http/Controllers/BookController.php(36): Illuminate\\Database\\Eloquent\\Model::__callStatic('create', Array)
#16 /Applications/MAMP/htdocs/lumen/vendor/illuminate/container/BoundMethod.php(36): App\\Http\\Controllers\\BookController->save(Object(Laravel\\Lumen\\Http\\Request))
#17 /Applications/MAMP/htdocs/lumen/vendor/illuminate/container/Util.php(40): Illuminate\\Container\\BoundMethod::Illuminate\\Container\\{closure}()
#18 /Applications/MAMP/htdocs/lumen/vendor/illuminate/container/BoundMethod.php(93): Illuminate\\Container\\Util::unwrapIfClosure(Object(Closure))
#19 /Applications/MAMP/htdocs/lumen/vendor/illuminate/container/BoundMethod.php(37): Illuminate\\Container\\BoundMethod::callBoundMethod(Object(Laravel\\Lumen\\Application), Array, Object(Closure))
#20 /Applications/MAMP/htdocs/lumen/vendor/illuminate/container/Container.php(653): Illuminate\\Container\\BoundMethod::call(Object(Laravel\\Lumen\\Application), Array, Array, NULL)
#21 /Applications/MAMP/htdocs/lumen/vendor/laravel/lumen-framework/src/Concerns/RoutesRequests.php(389): Illuminate\\Container\\Container->call(Array, Array)
#22 /Applications/MAMP/htdocs/lumen/vendor/laravel/lumen-framework/src/Concerns/RoutesRequests.php(355): Laravel\\Lumen\\Application->callControllerCallable(Array, Array)
#23 /Applications/MAMP/htdocs/lumen/vendor/laravel/lumen-framework/src/Concerns/RoutesRequests.php(329): Laravel\\Lumen\\Application->callLumenController(Object(App\\Http\\Controllers\\BookController), 'save', Array)
#24 /Applications/MAMP/htdocs/lumen/vendor/laravel/lumen-framework/src/Concerns/RoutesRequests.php(282): Laravel\\Lumen\\Application->callControllerAction(Array)
#25 /Applications/MAMP/htdocs/lumen/vendor/laravel/lumen-framework/src/Concerns/RoutesRequests.php(267): Laravel\\Lumen\\Application->callActionOnArrayBasedRoute(Array)
#26 /Applications/MAMP/htdocs/lumen/vendor/laravel/lumen-framework/src/Concerns/RoutesRequests.php(169): Laravel\\Lumen\\Application->handleFoundRoute(Array)
#27 /Applications/MAMP/htdocs/lumen/vendor/laravel/lumen-framework/src/Concerns/RoutesRequests.php(429): Laravel\\Lumen\\Application->Laravel\\Lumen\\Concerns\\{closure}(Object(Laravel\\Lumen\\Http\\Request))
#28 /Applications/MAMP/htdocs/lumen/vendor/laravel/lumen-framework/src/Concerns/RoutesRequests.php(175): Laravel\\Lumen\\Application->sendThroughPipeline(Array, Object(Closure))
#29 /Applications/MAMP/htdocs/lumen/vendor/laravel/lumen-framework/src/Concerns/RoutesRequests.php(112): Laravel\\Lumen\\Application->dispatch(NULL)
#30 /Applications/MAMP/htdocs/lumen/public/index.php(28): Laravel\\Lumen\\Application->run()
#31 {main}

[previous exception] [object] (PDOException(code: 42S22): SQLSTATE[42S22]: Column not found: 1054 Unknown column 'updated_at' in 'field list' at /Applications/MAMP/htdocs/lumen/vendor/illuminate/database/Connection.php:495)
[stacktrace]
#0 /Applications/MAMP/htdocs/lumen/vendor/illuminate/database/Connection.php(495): PDO->prepare('insert into `bo...')
#1 /Applications/MAMP/htdocs/lumen/vendor/illuminate/database/Connection.php(705): Illuminate\\Database\\Connection->Illuminate\\Database\\{closure}('insert into `bo...', Array)
#2 /Applications/MAMP/htdocs/lumen/vendor/illuminate/database/Connection.php(672): Illuminate\\Database\\Connection->runQueryCallback('insert into `bo...', Array, Object(Closure))
#3 /Applications/MAMP/htdocs/lumen/vendor/illuminate/database/Connection.php(502): Illuminate\\Database\\Connection->run('insert into `bo...', Array, Object(Closure))
#4 /Applications/MAMP/htdocs/lumen/vendor/illuminate/database/Connection.php(454): Illuminate\\Database\\Connection->statement('insert into `bo...', Array)
#5 /Applications/MAMP/htdocs/lumen/vendor/illuminate/database/Query/Processors/Processor.php(32): Illuminate\\Database\\Connection->insert('insert into `bo...', Array)
#6 /Applications/MAMP/htdocs/lumen/vendor/illuminate/database/Query/Builder.php(3028): Illuminate\\Database\\Query\\Processors\\Processor->processInsertGetId(Object(Illuminate\\Database\\Query\\Builder), 'insert into `bo...', Array, 'id')
#7 /Applications/MAMP/htdocs/lumen/vendor/illuminate/database/Eloquent/Builder.php(1657): Illuminate\\Database\\Query\\Builder->insertGetId(Array, 'id')
#8 /Applications/MAMP/htdocs/lumen/vendor/illuminate/database/Eloquent/Model.php(1188): Illuminate\\Database\\Eloquent\\Builder->__call('insertGetId', Array)
#9 /Applications/MAMP/htdocs/lumen/vendor/illuminate/database/Eloquent/Model.php(1153): Illuminate\\Database\\Eloquent\\Model->insertAndSetId(Object(Illuminate\\Database\\Eloquent\\Builder), Array)
#10 /Applications/MAMP/htdocs/lumen/vendor/illuminate/database/Eloquent/Model.php(994): Illuminate\\Database\\Eloquent\\Model->performInsert(Object(Illuminate\\Database\\Eloquent\\Builder))
#11 /Applications/MAMP/htdocs/lumen/vendor/illuminate/database/Eloquent/Builder.php(896): Illuminate\\Database\\Eloquent\\Model->save()
#12 /Applications/MAMP/htdocs/lumen/vendor/illuminate/support/helpers.php(263): Illuminate\\Database\\Eloquent\\Builder->Illuminate\\Database\\Eloquent\\{closure}(Object(App\\Models\\Book))
#13 /Applications/MAMP/htdocs/lumen/vendor/illuminate/database/Eloquent/Builder.php(897): tap(Object(App\\Models\\Book), Object(Closure))
#14 /Applications/MAMP/htdocs/lumen/vendor/illuminate/support/Traits/ForwardsCalls.php(23): Illuminate\\Database\\Eloquent\\Builder->create(Array)
#15 /Applications/MAMP/htdocs/lumen/vendor/illuminate/database/Eloquent/Model.php(2132): Illuminate\\Database\\Eloquent\\Model->forwardCallTo(Object(Illuminate\\Database\\Eloquent\\Builder), 'create', Array)
#16 /Applications/MAMP/htdocs/lumen/vendor/illuminate/database/Eloquent/Model.php(2144): Illuminate\\Database\\Eloquent\\Model->__call('create', Array)
#17 /Applications/MAMP/htdocs/lumen/app/Http/Controllers/BookController.php(36): Illuminate\\Database\\Eloquent\\Model::__callStatic('create', Array)
#18 /Applications/MAMP/htdocs/lumen/vendor/illuminate/container/BoundMethod.php(36): App\\Http\\Controllers\\BookController->save(Object(Laravel\\Lumen\\Http\\Request))
#19 /Applications/MAMP/htdocs/lumen/vendor/illuminate/container/Util.php(40): Illuminate\\Container\\BoundMethod::Illuminate\\Container\\{closure}()
#20 /Applications/MAMP/htdocs/lumen/vendor/illuminate/container/BoundMethod.php(93): Illuminate\\Container\\Util::unwrapIfClosure(Object(Closure))
#21 /Applications/MAMP/htdocs/lumen/vendor/illuminate/container/BoundMethod.php(37): Illuminate\\Container\\BoundMethod::callBoundMethod(Object(Laravel\\Lumen\\Application), Array, Object(Closure))
#22 /Applications/MAMP/htdocs/lumen/vendor/illuminate/container/Container.php(653): Illuminate\\Container\\BoundMethod::call(Object(Laravel\\Lumen\\Application), Array, Array, NULL)
#23 /Applications/MAMP/htdocs/lumen/vendor/laravel/lumen-framework/src/Concerns/RoutesRequests.php(389): Illuminate\\Container\\Container->call(Array, Array)
#24 /Applications/MAMP/htdocs/lumen/vendor/laravel/lumen-framework/src/Concerns/RoutesRequests.php(355): Laravel\\Lumen\\Application->callControllerCallable(Array, Array)
#25 /Applications/MAMP/htdocs/lumen/vendor/laravel/lumen-framework/src/Concerns/RoutesRequests.php(329): Laravel\\Lumen\\Application->callLumenController(Object(App\\Http\\Controllers\\BookController), 'save', Array)
#26 /Applications/MAMP/htdocs/lumen/vendor/laravel/lumen-framework/src/Concerns/RoutesRequests.php(282): Laravel\\Lumen\\Application->callControllerAction(Array)
#27 /Applications/MAMP/htdocs/lumen/vendor/laravel/lumen-framework/src/Concerns/RoutesRequests.php(267): Laravel\\Lumen\\Application->callActionOnArrayBasedRoute(Array)
#28 /Applications/MAMP/htdocs/lumen/vendor/laravel/lumen-framework/src/Concerns/RoutesRequests.php(169): Laravel\\Lumen\\Application->handleFoundRoute(Array)
#29 /Applications/MAMP/htdocs/lumen/vendor/laravel/lumen-framework/src/Concerns/RoutesRequests.php(429): Laravel\\Lumen\\Application->Laravel\\Lumen\\Concerns\\{closure}(Object(Laravel\\Lumen\\Http\\Request))
#30 /Applications/MAMP/htdocs/lumen/vendor/laravel/lumen-framework/src/Concerns/RoutesRequests.php(175): Laravel\\Lumen\\Application->sendThroughPipeline(Array, Object(Closure))
#31 /Applications/MAMP/htdocs/lumen/vendor/laravel/lumen-framework/src/Concerns/RoutesRequests.php(112): Laravel\\Lumen\\Application->dispatch(NULL)
#32 /Applications/MAMP/htdocs/lumen/public/index.php(28): Laravel\\Lumen\\Application->run()
#33 {main}
"} 
