[2024-03-18 23:40:01] local.ERROR: Class name must be a valid object or a string {"exception":"[object] (Error(code: 0): Class name must be a valid object or a string at /Applications/MAMP/htdocs/lumen/app/Http/Controllers/BookController.php:54)
[stacktrace]
#0 /Applications/MAMP/htdocs/lumen/vendor/illuminate/container/BoundMethod.php(36): App\\Http\\Controllers\\BookController->update(Object(Laravel\\Lumen\\Http\\Request), '19')
#1 /Applications/MAMP/htdocs/lumen/vendor/illuminate/container/Util.php(40): Illuminate\\Container\\BoundMethod::Illuminate\\Container\\{closure}()
#2 /Applications/MAMP/htdocs/lumen/vendor/illuminate/container/BoundMethod.php(93): Illuminate\\Container\\Util::unwrapIfClosure(Object(Closure))
#3 /Applications/MAMP/htdocs/lumen/vendor/illuminate/container/BoundMethod.php(37): Illuminate\\Container\\BoundMethod::callBoundMethod(Object(Laravel\\Lumen\\Application), Array, Object(Closure))
#4 /Applications/MAMP/htdocs/lumen/vendor/illuminate/container/Container.php(653): Illuminate\\Container\\BoundMethod::call(Object(Laravel\\Lumen\\Application), Array, Array, NULL)
#5 /Applications/MAMP/htdocs/lumen/vendor/laravel/lumen-framework/src/Concerns/RoutesRequests.php(389): Illuminate\\Container\\Container->call(Array, Array)
#6 /Applications/MAMP/htdocs/lumen/vendor/laravel/lumen-framework/src/Concerns/RoutesRequests.php(355): Laravel\\Lumen\\Application->callControllerCallable(Array, Array)
#7 /Applications/MAMP/htdocs/lumen/vendor/laravel/lumen-framework/src/Concerns/RoutesRequests.php(329): Laravel\\Lumen\\Application->callLumenController(Object(App\\Http\\Controllers\\BookController), 'update', Array)
#8 /Applications/MAMP/htdocs/lumen/vendor/laravel/lumen-framework/src/Concerns/RoutesRequests.php(282): Laravel\\Lumen\\Application->callControllerAction(Array)
#9 /Applications/MAMP/htdocs/lumen/vendor/laravel/lumen-framework/src/Concerns/RoutesRequests.php(267): Laravel\\Lumen\\Application->callActionOnArrayBasedRoute(Array)
#10 /Applications/MAMP/htdocs/lumen/vendor/laravel/lumen-framework/src/Concerns/RoutesRequests.php(237): Laravel\\Lumen\\Application->handleFoundRoute(Array)
#11 /Applications/MAMP/htdocs/lumen/vendor/laravel/lumen-framework/src/Concerns/RoutesRequests.php(173): Laravel\\Lumen\\Application->handleDispatcherResponse(Array)
#12 /Applications/MAMP/htdocs/lumen/vendor/laravel/lumen-framework/src/Routing/Pipeline.php(48): Laravel\\Lumen\\Application->Laravel\\Lumen\\Concerns\\{closure}(Object(Laravel\\Lumen\\Http\\Request))
#13 /Applications/MAMP/htdocs/lumen/app/Http/Middleware/CorsMiddleware.php(31): Laravel\\Lumen\\Routing\\Pipeline->Laravel\\Lumen\\Routing\\{closure}(Object(Laravel\\Lumen\\Http\\Request))
#14 /Applications/MAMP/htdocs/lumen/vendor/illuminate/pipeline/Pipeline.php(167): App\\Http\\Middleware\\CorsMiddleware->handle(Object(Laravel\\Lumen\\Http\\Request), Object(Closure))
#15 /Applications/MAMP/htdocs/lumen/vendor/laravel/lumen-framework/src/Routing/Pipeline.php(30): Illuminate\\Pipeline\\Pipeline->Illuminate\\Pipeline\\{closure}(Object(Laravel\\Lumen\\Http\\Request))
#16 /Applications/MAMP/htdocs/lumen/vendor/illuminate/pipeline/Pipeline.php(103): Laravel\\Lumen\\Routing\\Pipeline->Laravel\\Lumen\\Routing\\{closure}(Object(Laravel\\Lumen\\Http\\Request))
#17 /Applications/MAMP/htdocs/lumen/vendor/laravel/lumen-framework/src/Concerns/RoutesRequests.php(426): Illuminate\\Pipeline\\Pipeline->then(Object(Closure))
#18 /Applications/MAMP/htdocs/lumen/vendor/laravel/lumen-framework/src/Concerns/RoutesRequests.php(175): Laravel\\Lumen\\Application->sendThroughPipeline(Array, Object(Closure))
#19 /Applications/MAMP/htdocs/lumen/vendor/laravel/lumen-framework/src/Concerns/RoutesRequests.php(112): Laravel\\Lumen\\Application->dispatch(NULL)
#20 /Applications/MAMP/htdocs/lumen/public/index.php(28): Laravel\\Lumen\\Application->run()
#21 {main}
"} 
