[2024-03-28 20:41:25] local.ERROR: syntax error, unexpected token "<", expecting end of file {"exception":"[object] (ParseError(code: 0): syntax error, unexpected token \"<\", expecting end of file at /Applications/MAMP/htdocs/movies-backend-api/routes/web.php:3)
[stacktrace]
#0 /Applications/MAMP/htdocs/movies-backend-api/vendor/laravel/lumen-framework/src/Routing/Router.php(62): {closure}(Object(Laravel\\Lumen\\Routing\\Router))
#1 /Applications/MAMP/htdocs/movies-backend-api/bootstrap/app.php(113): Laravel\\Lumen\\Routing\\Router->group(Array, Object(Closure))
#2 /Applications/MAMP/htdocs/movies-backend-api/artisan(18): require('/Applications/M...')
#3 {main}
"} 
[2024-03-28 20:42:41] local.ERROR: Command "serve" is not defined. {"exception":"[object] (Symfony\\Component\\Console\\Exception\\CommandNotFoundException(code: 0): Command \"serve\" is not defined. at /Applications/MAMP/htdocs/movies-backend-api/vendor/symfony/console/Application.php:720)
[stacktrace]
#0 /Applications/MAMP/htdocs/movies-backend-api/vendor/symfony/console/Application.php(259): Symfony\\Component\\Console\\Application->find('serve')
#1 /Applications/MAMP/htdocs/movies-backend-api/vendor/symfony/console/Application.php(171): Symfony\\Component\\Console\\Application->doRun(Object(Symfony\\Component\\Console\\Input\\ArgvInput), Object(Symfony\\Component\\Console\\Output\\ConsoleOutput))
#2 /Applications/MAMP/htdocs/movies-backend-api/vendor/illuminate/console/Application.php(94): Symfony\\Component\\Console\\Application->run(Object(Symfony\\Component\\Console\\Input\\ArgvInput), Object(Symfony\\Component\\Console\\Output\\ConsoleOutput))
#3 /Applications/MAMP/htdocs/movies-backend-api/vendor/laravel/lumen-framework/src/Console/Kernel.php(116): Illuminate\\Console\\Application->run(Object(Symfony\\Component\\Console\\Input\\ArgvInput), Object(Symfony\\Component\\Console\\Output\\ConsoleOutput))
#4 /Applications/MAMP/htdocs/movies-backend-api/artisan(35): Laravel\\Lumen\\Console\\Kernel->handle(Object(Symfony\\Component\\Console\\Input\\ArgvInput), Object(Symfony\\Component\\Console\\Output\\ConsoleOutput))
#5 {main}
"} 
[2024-03-28 20:43:51] local.ERROR: Target class [App\Http\Controllers\MoviesController] does not exist. {"exception":"[object] (Illuminate\\Contracts\\Container\\BindingResolutionException(code: 0): Target class [App\\Http\\Controllers\\MoviesController] does not exist. at /Applications/MAMP/htdocs/movies-backend-api/vendor/illuminate/container/Container.php:879)
[stacktrace]
#0 /Applications/MAMP/htdocs/movies-backend-api/vendor/illuminate/container/Container.php(758): Illuminate\\Container\\Container->build('App\\\\Http\\\\Contro...')
#1 /Applications/MAMP/htdocs/movies-backend-api/vendor/illuminate/container/Container.php(694): Illuminate\\Container\\Container->resolve('App\\\\Http\\\\Contro...', Array)
#2 /Applications/MAMP/htdocs/movies-backend-api/vendor/laravel/lumen-framework/src/Application.php(300): Illuminate\\Container\\Container->make('App\\\\Http\\\\Contro...', Array)
#3 /Applications/MAMP/htdocs/movies-backend-api/vendor/laravel/lumen-framework/src/Concerns/RoutesRequests.php(324): Laravel\\Lumen\\Application->make('App\\\\Http\\\\Contro...')
#4 /Applications/MAMP/htdocs/movies-backend-api/vendor/laravel/lumen-framework/src/Concerns/RoutesRequests.php(282): Laravel\\Lumen\\Application->callControllerAction(Array)
#5 /Applications/MAMP/htdocs/movies-backend-api/vendor/laravel/lumen-framework/src/Concerns/RoutesRequests.php(267): Laravel\\Lumen\\Application->callActionOnArrayBasedRoute(Array)
#6 /Applications/MAMP/htdocs/movies-backend-api/vendor/laravel/lumen-framework/src/Concerns/RoutesRequests.php(169): Laravel\\Lumen\\Application->handleFoundRoute(Array)
#7 /Applications/MAMP/htdocs/movies-backend-api/vendor/laravel/lumen-framework/src/Routing/Pipeline.php(48): Laravel\\Lumen\\Application->Laravel\\Lumen\\Concerns\\{closure}(Object(Laravel\\Lumen\\Http\\Request))
#8 /Applications/MAMP/htdocs/movies-backend-api/app/Http/Middleware/CorsMiddleware.php(31): Laravel\\Lumen\\Routing\\Pipeline->Laravel\\Lumen\\Routing\\{closure}(Object(Laravel\\Lumen\\Http\\Request))
#9 /Applications/MAMP/htdocs/movies-backend-api/vendor/illuminate/pipeline/Pipeline.php(167): App\\Http\\Middleware\\CorsMiddleware->handle(Object(Laravel\\Lumen\\Http\\Request), Object(Closure))
#10 /Applications/MAMP/htdocs/movies-backend-api/vendor/laravel/lumen-framework/src/Routing/Pipeline.php(30): Illuminate\\Pipeline\\Pipeline->Illuminate\\Pipeline\\{closure}(Object(Laravel\\Lumen\\Http\\Request))
#11 /Applications/MAMP/htdocs/movies-backend-api/vendor/illuminate/pipeline/Pipeline.php(103): Laravel\\Lumen\\Routing\\Pipeline->Laravel\\Lumen\\Routing\\{closure}(Object(Laravel\\Lumen\\Http\\Request))
#12 /Applications/MAMP/htdocs/movies-backend-api/vendor/laravel/lumen-framework/src/Concerns/RoutesRequests.php(426): Illuminate\\Pipeline\\Pipeline->then(Object(Closure))
#13 /Applications/MAMP/htdocs/movies-backend-api/vendor/laravel/lumen-framework/src/Concerns/RoutesRequests.php(165): Laravel\\Lumen\\Application->sendThroughPipeline(Array, Object(Closure))
#14 /Applications/MAMP/htdocs/movies-backend-api/vendor/laravel/lumen-framework/src/Concerns/RoutesRequests.php(112): Laravel\\Lumen\\Application->dispatch(NULL)
#15 /Applications/MAMP/htdocs/movies-backend-api/public/index.php(28): Laravel\\Lumen\\Application->run()
#16 {main}

[previous exception] [object] (ReflectionException(code: -1): Class \"App\\Http\\Controllers\\MoviesController\" does not exist at /Applications/MAMP/htdocs/movies-backend-api/vendor/illuminate/container/Container.php:877)
[stacktrace]
#0 /Applications/MAMP/htdocs/movies-backend-api/vendor/illuminate/container/Container.php(877): ReflectionClass->__construct('App\\\\Http\\\\Contro...')
#1 /Applications/MAMP/htdocs/movies-backend-api/vendor/illuminate/container/Container.php(758): Illuminate\\Container\\Container->build('App\\\\Http\\\\Contro...')
#2 /Applications/MAMP/htdocs/movies-backend-api/vendor/illuminate/container/Container.php(694): Illuminate\\Container\\Container->resolve('App\\\\Http\\\\Contro...', Array)
#3 /Applications/MAMP/htdocs/movies-backend-api/vendor/laravel/lumen-framework/src/Application.php(300): Illuminate\\Container\\Container->make('App\\\\Http\\\\Contro...', Array)
#4 /Applications/MAMP/htdocs/movies-backend-api/vendor/laravel/lumen-framework/src/Concerns/RoutesRequests.php(324): Laravel\\Lumen\\Application->make('App\\\\Http\\\\Contro...')
#5 /Applications/MAMP/htdocs/movies-backend-api/vendor/laravel/lumen-framework/src/Concerns/RoutesRequests.php(282): Laravel\\Lumen\\Application->callControllerAction(Array)
#6 /Applications/MAMP/htdocs/movies-backend-api/vendor/laravel/lumen-framework/src/Concerns/RoutesRequests.php(267): Laravel\\Lumen\\Application->callActionOnArrayBasedRoute(Array)
#7 /Applications/MAMP/htdocs/movies-backend-api/vendor/laravel/lumen-framework/src/Concerns/RoutesRequests.php(169): Laravel\\Lumen\\Application->handleFoundRoute(Array)
#8 /Applications/MAMP/htdocs/movies-backend-api/vendor/laravel/lumen-framework/src/Routing/Pipeline.php(48): Laravel\\Lumen\\Application->Laravel\\Lumen\\Concerns\\{closure}(Object(Laravel\\Lumen\\Http\\Request))
#9 /Applications/MAMP/htdocs/movies-backend-api/app/Http/Middleware/CorsMiddleware.php(31): Laravel\\Lumen\\Routing\\Pipeline->Laravel\\Lumen\\Routing\\{closure}(Object(Laravel\\Lumen\\Http\\Request))
#10 /Applications/MAMP/htdocs/movies-backend-api/vendor/illuminate/pipeline/Pipeline.php(167): App\\Http\\Middleware\\CorsMiddleware->handle(Object(Laravel\\Lumen\\Http\\Request), Object(Closure))
#11 /Applications/MAMP/htdocs/movies-backend-api/vendor/laravel/lumen-framework/src/Routing/Pipeline.php(30): Illuminate\\Pipeline\\Pipeline->Illuminate\\Pipeline\\{closure}(Object(Laravel\\Lumen\\Http\\Request))
#12 /Applications/MAMP/htdocs/movies-backend-api/vendor/illuminate/pipeline/Pipeline.php(103): Laravel\\Lumen\\Routing\\Pipeline->Laravel\\Lumen\\Routing\\{closure}(Object(Laravel\\Lumen\\Http\\Request))
#13 /Applications/MAMP/htdocs/movies-backend-api/vendor/laravel/lumen-framework/src/Concerns/RoutesRequests.php(426): Illuminate\\Pipeline\\Pipeline->then(Object(Closure))
#14 /Applications/MAMP/htdocs/movies-backend-api/vendor/laravel/lumen-framework/src/Concerns/RoutesRequests.php(165): Laravel\\Lumen\\Application->sendThroughPipeline(Array, Object(Closure))
#15 /Applications/MAMP/htdocs/movies-backend-api/vendor/laravel/lumen-framework/src/Concerns/RoutesRequests.php(112): Laravel\\Lumen\\Application->dispatch(NULL)
#16 /Applications/MAMP/htdocs/movies-backend-api/public/index.php(28): Laravel\\Lumen\\Application->run()
#17 {main}
"} 
[2024-03-28 20:44:05] local.ERROR: Target class [App\Http\Controllers\MoviesController] does not exist. {"exception":"[object] (Illuminate\\Contracts\\Container\\BindingResolutionException(code: 0): Target class [App\\Http\\Controllers\\MoviesController] does not exist. at /Applications/MAMP/htdocs/movies-backend-api/vendor/illuminate/container/Container.php:879)
[stacktrace]
#0 /Applications/MAMP/htdocs/movies-backend-api/vendor/illuminate/container/Container.php(758): Illuminate\\Container\\Container->build('App\\\\Http\\\\Contro...')
#1 /Applications/MAMP/htdocs/movies-backend-api/vendor/illuminate/container/Container.php(694): Illuminate\\Container\\Container->resolve('App\\\\Http\\\\Contro...', Array)
#2 /Applications/MAMP/htdocs/movies-backend-api/vendor/laravel/lumen-framework/src/Application.php(300): Illuminate\\Container\\Container->make('App\\\\Http\\\\Contro...', Array)
#3 /Applications/MAMP/htdocs/movies-backend-api/vendor/laravel/lumen-framework/src/Concerns/RoutesRequests.php(324): Laravel\\Lumen\\Application->make('App\\\\Http\\\\Contro...')
#4 /Applications/MAMP/htdocs/movies-backend-api/vendor/laravel/lumen-framework/src/Concerns/RoutesRequests.php(282): Laravel\\Lumen\\Application->callControllerAction(Array)
#5 /Applications/MAMP/htdocs/movies-backend-api/vendor/laravel/lumen-framework/src/Concerns/RoutesRequests.php(267): Laravel\\Lumen\\Application->callActionOnArrayBasedRoute(Array)
#6 /Applications/MAMP/htdocs/movies-backend-api/vendor/laravel/lumen-framework/src/Concerns/RoutesRequests.php(169): Laravel\\Lumen\\Application->handleFoundRoute(Array)
#7 /Applications/MAMP/htdocs/movies-backend-api/vendor/laravel/lumen-framework/src/Routing/Pipeline.php(48): Laravel\\Lumen\\Application->Laravel\\Lumen\\Concerns\\{closure}(Object(Laravel\\Lumen\\Http\\Request))
#8 /Applications/MAMP/htdocs/movies-backend-api/app/Http/Middleware/CorsMiddleware.php(31): Laravel\\Lumen\\Routing\\Pipeline->Laravel\\Lumen\\Routing\\{closure}(Object(Laravel\\Lumen\\Http\\Request))
#9 /Applications/MAMP/htdocs/movies-backend-api/vendor/illuminate/pipeline/Pipeline.php(167): App\\Http\\Middleware\\CorsMiddleware->handle(Object(Laravel\\Lumen\\Http\\Request), Object(Closure))
#10 /Applications/MAMP/htdocs/movies-backend-api/vendor/laravel/lumen-framework/src/Routing/Pipeline.php(30): Illuminate\\Pipeline\\Pipeline->Illuminate\\Pipeline\\{closure}(Object(Laravel\\Lumen\\Http\\Request))
#11 /Applications/MAMP/htdocs/movies-backend-api/vendor/illuminate/pipeline/Pipeline.php(103): Laravel\\Lumen\\Routing\\Pipeline->Laravel\\Lumen\\Routing\\{closure}(Object(Laravel\\Lumen\\Http\\Request))
#12 /Applications/MAMP/htdocs/movies-backend-api/vendor/laravel/lumen-framework/src/Concerns/RoutesRequests.php(426): Illuminate\\Pipeline\\Pipeline->then(Object(Closure))
#13 /Applications/MAMP/htdocs/movies-backend-api/vendor/laravel/lumen-framework/src/Concerns/RoutesRequests.php(165): Laravel\\Lumen\\Application->sendThroughPipeline(Array, Object(Closure))
#14 /Applications/MAMP/htdocs/movies-backend-api/vendor/laravel/lumen-framework/src/Concerns/RoutesRequests.php(112): Laravel\\Lumen\\Application->dispatch(NULL)
#15 /Applications/MAMP/htdocs/movies-backend-api/public/index.php(28): Laravel\\Lumen\\Application->run()
#16 {main}

[previous exception] [object] (ReflectionException(code: -1): Class \"App\\Http\\Controllers\\MoviesController\" does not exist at /Applications/MAMP/htdocs/movies-backend-api/vendor/illuminate/container/Container.php:877)
[stacktrace]
#0 /Applications/MAMP/htdocs/movies-backend-api/vendor/illuminate/container/Container.php(877): ReflectionClass->__construct('App\\\\Http\\\\Contro...')
#1 /Applications/MAMP/htdocs/movies-backend-api/vendor/illuminate/container/Container.php(758): Illuminate\\Container\\Container->build('App\\\\Http\\\\Contro...')
#2 /Applications/MAMP/htdocs/movies-backend-api/vendor/illuminate/container/Container.php(694): Illuminate\\Container\\Container->resolve('App\\\\Http\\\\Contro...', Array)
#3 /Applications/MAMP/htdocs/movies-backend-api/vendor/laravel/lumen-framework/src/Application.php(300): Illuminate\\Container\\Container->make('App\\\\Http\\\\Contro...', Array)
#4 /Applications/MAMP/htdocs/movies-backend-api/vendor/laravel/lumen-framework/src/Concerns/RoutesRequests.php(324): Laravel\\Lumen\\Application->make('App\\\\Http\\\\Contro...')
#5 /Applications/MAMP/htdocs/movies-backend-api/vendor/laravel/lumen-framework/src/Concerns/RoutesRequests.php(282): Laravel\\Lumen\\Application->callControllerAction(Array)
#6 /Applications/MAMP/htdocs/movies-backend-api/vendor/laravel/lumen-framework/src/Concerns/RoutesRequests.php(267): Laravel\\Lumen\\Application->callActionOnArrayBasedRoute(Array)
#7 /Applications/MAMP/htdocs/movies-backend-api/vendor/laravel/lumen-framework/src/Concerns/RoutesRequests.php(169): Laravel\\Lumen\\Application->handleFoundRoute(Array)
#8 /Applications/MAMP/htdocs/movies-backend-api/vendor/laravel/lumen-framework/src/Routing/Pipeline.php(48): Laravel\\Lumen\\Application->Laravel\\Lumen\\Concerns\\{closure}(Object(Laravel\\Lumen\\Http\\Request))
#9 /Applications/MAMP/htdocs/movies-backend-api/app/Http/Middleware/CorsMiddleware.php(31): Laravel\\Lumen\\Routing\\Pipeline->Laravel\\Lumen\\Routing\\{closure}(Object(Laravel\\Lumen\\Http\\Request))
#10 /Applications/MAMP/htdocs/movies-backend-api/vendor/illuminate/pipeline/Pipeline.php(167): App\\Http\\Middleware\\CorsMiddleware->handle(Object(Laravel\\Lumen\\Http\\Request), Object(Closure))
#11 /Applications/MAMP/htdocs/movies-backend-api/vendor/laravel/lumen-framework/src/Routing/Pipeline.php(30): Illuminate\\Pipeline\\Pipeline->Illuminate\\Pipeline\\{closure}(Object(Laravel\\Lumen\\Http\\Request))
#12 /Applications/MAMP/htdocs/movies-backend-api/vendor/illuminate/pipeline/Pipeline.php(103): Laravel\\Lumen\\Routing\\Pipeline->Laravel\\Lumen\\Routing\\{closure}(Object(Laravel\\Lumen\\Http\\Request))
#13 /Applications/MAMP/htdocs/movies-backend-api/vendor/laravel/lumen-framework/src/Concerns/RoutesRequests.php(426): Illuminate\\Pipeline\\Pipeline->then(Object(Closure))
#14 /Applications/MAMP/htdocs/movies-backend-api/vendor/laravel/lumen-framework/src/Concerns/RoutesRequests.php(165): Laravel\\Lumen\\Application->sendThroughPipeline(Array, Object(Closure))
#15 /Applications/MAMP/htdocs/movies-backend-api/vendor/laravel/lumen-framework/src/Concerns/RoutesRequests.php(112): Laravel\\Lumen\\Application->dispatch(NULL)
#16 /Applications/MAMP/htdocs/movies-backend-api/public/index.php(28): Laravel\\Lumen\\Application->run()
#17 {main}
"} 
[2024-03-28 20:44:36] local.ERROR: Target class [App\Http\Controllers\MoviesController] does not exist. {"exception":"[object] (Illuminate\\Contracts\\Container\\BindingResolutionException(code: 0): Target class [App\\Http\\Controllers\\MoviesController] does not exist. at /Applications/MAMP/htdocs/movies-backend-api/vendor/illuminate/container/Container.php:879)
[stacktrace]
#0 /Applications/MAMP/htdocs/movies-backend-api/vendor/illuminate/container/Container.php(758): Illuminate\\Container\\Container->build('App\\\\Http\\\\Contro...')
#1 /Applications/MAMP/htdocs/movies-backend-api/vendor/illuminate/container/Container.php(694): Illuminate\\Container\\Container->resolve('App\\\\Http\\\\Contro...', Array)
#2 /Applications/MAMP/htdocs/movies-backend-api/vendor/laravel/lumen-framework/src/Application.php(300): Illuminate\\Container\\Container->make('App\\\\Http\\\\Contro...', Array)
#3 /Applications/MAMP/htdocs/movies-backend-api/vendor/laravel/lumen-framework/src/Concerns/RoutesRequests.php(324): Laravel\\Lumen\\Application->make('App\\\\Http\\\\Contro...')
#4 /Applications/MAMP/htdocs/movies-backend-api/vendor/laravel/lumen-framework/src/Concerns/RoutesRequests.php(282): Laravel\\Lumen\\Application->callControllerAction(Array)
#5 /Applications/MAMP/htdocs/movies-backend-api/vendor/laravel/lumen-framework/src/Concerns/RoutesRequests.php(267): Laravel\\Lumen\\Application->callActionOnArrayBasedRoute(Array)
#6 /Applications/MAMP/htdocs/movies-backend-api/vendor/laravel/lumen-framework/src/Concerns/RoutesRequests.php(169): Laravel\\Lumen\\Application->handleFoundRoute(Array)
#7 /Applications/MAMP/htdocs/movies-backend-api/vendor/laravel/lumen-framework/src/Routing/Pipeline.php(48): Laravel\\Lumen\\Application->Laravel\\Lumen\\Concerns\\{closure}(Object(Laravel\\Lumen\\Http\\Request))
#8 /Applications/MAMP/htdocs/movies-backend-api/app/Http/Middleware/CorsMiddleware.php(31): Laravel\\Lumen\\Routing\\Pipeline->Laravel\\Lumen\\Routing\\{closure}(Object(Laravel\\Lumen\\Http\\Request))
#9 /Applications/MAMP/htdocs/movies-backend-api/vendor/illuminate/pipeline/Pipeline.php(167): App\\Http\\Middleware\\CorsMiddleware->handle(Object(Laravel\\Lumen\\Http\\Request), Object(Closure))
#10 /Applications/MAMP/htdocs/movies-backend-api/vendor/laravel/lumen-framework/src/Routing/Pipeline.php(30): Illuminate\\Pipeline\\Pipeline->Illuminate\\Pipeline\\{closure}(Object(Laravel\\Lumen\\Http\\Request))
#11 /Applications/MAMP/htdocs/movies-backend-api/vendor/illuminate/pipeline/Pipeline.php(103): Laravel\\Lumen\\Routing\\Pipeline->Laravel\\Lumen\\Routing\\{closure}(Object(Laravel\\Lumen\\Http\\Request))
#12 /Applications/MAMP/htdocs/movies-backend-api/vendor/laravel/lumen-framework/src/Concerns/RoutesRequests.php(426): Illuminate\\Pipeline\\Pipeline->then(Object(Closure))
#13 /Applications/MAMP/htdocs/movies-backend-api/vendor/laravel/lumen-framework/src/Concerns/RoutesRequests.php(165): Laravel\\Lumen\\Application->sendThroughPipeline(Array, Object(Closure))
#14 /Applications/MAMP/htdocs/movies-backend-api/vendor/laravel/lumen-framework/src/Concerns/RoutesRequests.php(112): Laravel\\Lumen\\Application->dispatch(NULL)
#15 /Applications/MAMP/htdocs/movies-backend-api/public/index.php(28): Laravel\\Lumen\\Application->run()
#16 {main}

[previous exception] [object] (ReflectionException(code: -1): Class \"App\\Http\\Controllers\\MoviesController\" does not exist at /Applications/MAMP/htdocs/movies-backend-api/vendor/illuminate/container/Container.php:877)
[stacktrace]
#0 /Applications/MAMP/htdocs/movies-backend-api/vendor/illuminate/container/Container.php(877): ReflectionClass->__construct('App\\\\Http\\\\Contro...')
#1 /Applications/MAMP/htdocs/movies-backend-api/vendor/illuminate/container/Container.php(758): Illuminate\\Container\\Container->build('App\\\\Http\\\\Contro...')
#2 /Applications/MAMP/htdocs/movies-backend-api/vendor/illuminate/container/Container.php(694): Illuminate\\Container\\Container->resolve('App\\\\Http\\\\Contro...', Array)
#3 /Applications/MAMP/htdocs/movies-backend-api/vendor/laravel/lumen-framework/src/Application.php(300): Illuminate\\Container\\Container->make('App\\\\Http\\\\Contro...', Array)
#4 /Applications/MAMP/htdocs/movies-backend-api/vendor/laravel/lumen-framework/src/Concerns/RoutesRequests.php(324): Laravel\\Lumen\\Application->make('App\\\\Http\\\\Contro...')
#5 /Applications/MAMP/htdocs/movies-backend-api/vendor/laravel/lumen-framework/src/Concerns/RoutesRequests.php(282): Laravel\\Lumen\\Application->callControllerAction(Array)
#6 /Applications/MAMP/htdocs/movies-backend-api/vendor/laravel/lumen-framework/src/Concerns/RoutesRequests.php(267): Laravel\\Lumen\\Application->callActionOnArrayBasedRoute(Array)
#7 /Applications/MAMP/htdocs/movies-backend-api/vendor/laravel/lumen-framework/src/Concerns/RoutesRequests.php(169): Laravel\\Lumen\\Application->handleFoundRoute(Array)
#8 /Applications/MAMP/htdocs/movies-backend-api/vendor/laravel/lumen-framework/src/Routing/Pipeline.php(48): Laravel\\Lumen\\Application->Laravel\\Lumen\\Concerns\\{closure}(Object(Laravel\\Lumen\\Http\\Request))
#9 /Applications/MAMP/htdocs/movies-backend-api/app/Http/Middleware/CorsMiddleware.php(31): Laravel\\Lumen\\Routing\\Pipeline->Laravel\\Lumen\\Routing\\{closure}(Object(Laravel\\Lumen\\Http\\Request))
#10 /Applications/MAMP/htdocs/movies-backend-api/vendor/illuminate/pipeline/Pipeline.php(167): App\\Http\\Middleware\\CorsMiddleware->handle(Object(Laravel\\Lumen\\Http\\Request), Object(Closure))
#11 /Applications/MAMP/htdocs/movies-backend-api/vendor/laravel/lumen-framework/src/Routing/Pipeline.php(30): Illuminate\\Pipeline\\Pipeline->Illuminate\\Pipeline\\{closure}(Object(Laravel\\Lumen\\Http\\Request))
#12 /Applications/MAMP/htdocs/movies-backend-api/vendor/illuminate/pipeline/Pipeline.php(103): Laravel\\Lumen\\Routing\\Pipeline->Laravel\\Lumen\\Routing\\{closure}(Object(Laravel\\Lumen\\Http\\Request))
#13 /Applications/MAMP/htdocs/movies-backend-api/vendor/laravel/lumen-framework/src/Concerns/RoutesRequests.php(426): Illuminate\\Pipeline\\Pipeline->then(Object(Closure))
#14 /Applications/MAMP/htdocs/movies-backend-api/vendor/laravel/lumen-framework/src/Concerns/RoutesRequests.php(165): Laravel\\Lumen\\Application->sendThroughPipeline(Array, Object(Closure))
#15 /Applications/MAMP/htdocs/movies-backend-api/vendor/laravel/lumen-framework/src/Concerns/RoutesRequests.php(112): Laravel\\Lumen\\Application->dispatch(NULL)
#16 /Applications/MAMP/htdocs/movies-backend-api/public/index.php(28): Laravel\\Lumen\\Application->run()
#17 {main}
"} 
[2024-03-28 20:44:37] local.ERROR: Target class [App\Http\Controllers\MoviesController] does not exist. {"exception":"[object] (Illuminate\\Contracts\\Container\\BindingResolutionException(code: 0): Target class [App\\Http\\Controllers\\MoviesController] does not exist. at /Applications/MAMP/htdocs/movies-backend-api/vendor/illuminate/container/Container.php:879)
[stacktrace]
#0 /Applications/MAMP/htdocs/movies-backend-api/vendor/illuminate/container/Container.php(758): Illuminate\\Container\\Container->build('App\\\\Http\\\\Contro...')
#1 /Applications/MAMP/htdocs/movies-backend-api/vendor/illuminate/container/Container.php(694): Illuminate\\Container\\Container->resolve('App\\\\Http\\\\Contro...', Array)
#2 /Applications/MAMP/htdocs/movies-backend-api/vendor/laravel/lumen-framework/src/Application.php(300): Illuminate\\Container\\Container->make('App\\\\Http\\\\Contro...', Array)
#3 /Applications/MAMP/htdocs/movies-backend-api/vendor/laravel/lumen-framework/src/Concerns/RoutesRequests.php(324): Laravel\\Lumen\\Application->make('App\\\\Http\\\\Contro...')
#4 /Applications/MAMP/htdocs/movies-backend-api/vendor/laravel/lumen-framework/src/Concerns/RoutesRequests.php(282): Laravel\\Lumen\\Application->callControllerAction(Array)
#5 /Applications/MAMP/htdocs/movies-backend-api/vendor/laravel/lumen-framework/src/Concerns/RoutesRequests.php(267): Laravel\\Lumen\\Application->callActionOnArrayBasedRoute(Array)
#6 /Applications/MAMP/htdocs/movies-backend-api/vendor/laravel/lumen-framework/src/Concerns/RoutesRequests.php(169): Laravel\\Lumen\\Application->handleFoundRoute(Array)
#7 /Applications/MAMP/htdocs/movies-backend-api/vendor/laravel/lumen-framework/src/Routing/Pipeline.php(48): Laravel\\Lumen\\Application->Laravel\\Lumen\\Concerns\\{closure}(Object(Laravel\\Lumen\\Http\\Request))
#8 /Applications/MAMP/htdocs/movies-backend-api/app/Http/Middleware/CorsMiddleware.php(31): Laravel\\Lumen\\Routing\\Pipeline->Laravel\\Lumen\\Routing\\{closure}(Object(Laravel\\Lumen\\Http\\Request))
#9 /Applications/MAMP/htdocs/movies-backend-api/vendor/illuminate/pipeline/Pipeline.php(167): App\\Http\\Middleware\\CorsMiddleware->handle(Object(Laravel\\Lumen\\Http\\Request), Object(Closure))
#10 /Applications/MAMP/htdocs/movies-backend-api/vendor/laravel/lumen-framework/src/Routing/Pipeline.php(30): Illuminate\\Pipeline\\Pipeline->Illuminate\\Pipeline\\{closure}(Object(Laravel\\Lumen\\Http\\Request))
#11 /Applications/MAMP/htdocs/movies-backend-api/vendor/illuminate/pipeline/Pipeline.php(103): Laravel\\Lumen\\Routing\\Pipeline->Laravel\\Lumen\\Routing\\{closure}(Object(Laravel\\Lumen\\Http\\Request))
#12 /Applications/MAMP/htdocs/movies-backend-api/vendor/laravel/lumen-framework/src/Concerns/RoutesRequests.php(426): Illuminate\\Pipeline\\Pipeline->then(Object(Closure))
#13 /Applications/MAMP/htdocs/movies-backend-api/vendor/laravel/lumen-framework/src/Concerns/RoutesRequests.php(165): Laravel\\Lumen\\Application->sendThroughPipeline(Array, Object(Closure))
#14 /Applications/MAMP/htdocs/movies-backend-api/vendor/laravel/lumen-framework/src/Concerns/RoutesRequests.php(112): Laravel\\Lumen\\Application->dispatch(NULL)
#15 /Applications/MAMP/htdocs/movies-backend-api/public/index.php(28): Laravel\\Lumen\\Application->run()
#16 {main}

[previous exception] [object] (ReflectionException(code: -1): Class \"App\\Http\\Controllers\\MoviesController\" does not exist at /Applications/MAMP/htdocs/movies-backend-api/vendor/illuminate/container/Container.php:877)
[stacktrace]
#0 /Applications/MAMP/htdocs/movies-backend-api/vendor/illuminate/container/Container.php(877): ReflectionClass->__construct('App\\\\Http\\\\Contro...')
#1 /Applications/MAMP/htdocs/movies-backend-api/vendor/illuminate/container/Container.php(758): Illuminate\\Container\\Container->build('App\\\\Http\\\\Contro...')
#2 /Applications/MAMP/htdocs/movies-backend-api/vendor/illuminate/container/Container.php(694): Illuminate\\Container\\Container->resolve('App\\\\Http\\\\Contro...', Array)
#3 /Applications/MAMP/htdocs/movies-backend-api/vendor/laravel/lumen-framework/src/Application.php(300): Illuminate\\Container\\Container->make('App\\\\Http\\\\Contro...', Array)
#4 /Applications/MAMP/htdocs/movies-backend-api/vendor/laravel/lumen-framework/src/Concerns/RoutesRequests.php(324): Laravel\\Lumen\\Application->make('App\\\\Http\\\\Contro...')
#5 /Applications/MAMP/htdocs/movies-backend-api/vendor/laravel/lumen-framework/src/Concerns/RoutesRequests.php(282): Laravel\\Lumen\\Application->callControllerAction(Array)
#6 /Applications/MAMP/htdocs/movies-backend-api/vendor/laravel/lumen-framework/src/Concerns/RoutesRequests.php(267): Laravel\\Lumen\\Application->callActionOnArrayBasedRoute(Array)
#7 /Applications/MAMP/htdocs/movies-backend-api/vendor/laravel/lumen-framework/src/Concerns/RoutesRequests.php(169): Laravel\\Lumen\\Application->handleFoundRoute(Array)
#8 /Applications/MAMP/htdocs/movies-backend-api/vendor/laravel/lumen-framework/src/Routing/Pipeline.php(48): Laravel\\Lumen\\Application->Laravel\\Lumen\\Concerns\\{closure}(Object(Laravel\\Lumen\\Http\\Request))
#9 /Applications/MAMP/htdocs/movies-backend-api/app/Http/Middleware/CorsMiddleware.php(31): Laravel\\Lumen\\Routing\\Pipeline->Laravel\\Lumen\\Routing\\{closure}(Object(Laravel\\Lumen\\Http\\Request))
#10 /Applications/MAMP/htdocs/movies-backend-api/vendor/illuminate/pipeline/Pipeline.php(167): App\\Http\\Middleware\\CorsMiddleware->handle(Object(Laravel\\Lumen\\Http\\Request), Object(Closure))
#11 /Applications/MAMP/htdocs/movies-backend-api/vendor/laravel/lumen-framework/src/Routing/Pipeline.php(30): Illuminate\\Pipeline\\Pipeline->Illuminate\\Pipeline\\{closure}(Object(Laravel\\Lumen\\Http\\Request))
#12 /Applications/MAMP/htdocs/movies-backend-api/vendor/illuminate/pipeline/Pipeline.php(103): Laravel\\Lumen\\Routing\\Pipeline->Laravel\\Lumen\\Routing\\{closure}(Object(Laravel\\Lumen\\Http\\Request))
#13 /Applications/MAMP/htdocs/movies-backend-api/vendor/laravel/lumen-framework/src/Concerns/RoutesRequests.php(426): Illuminate\\Pipeline\\Pipeline->then(Object(Closure))
#14 /Applications/MAMP/htdocs/movies-backend-api/vendor/laravel/lumen-framework/src/Concerns/RoutesRequests.php(165): Laravel\\Lumen\\Application->sendThroughPipeline(Array, Object(Closure))
#15 /Applications/MAMP/htdocs/movies-backend-api/vendor/laravel/lumen-framework/src/Concerns/RoutesRequests.php(112): Laravel\\Lumen\\Application->dispatch(NULL)
#16 /Applications/MAMP/htdocs/movies-backend-api/public/index.php(28): Laravel\\Lumen\\Application->run()
#17 {main}
"} 
[2024-03-28 20:44:37] local.ERROR: Target class [App\Http\Controllers\MoviesController] does not exist. {"exception":"[object] (Illuminate\\Contracts\\Container\\BindingResolutionException(code: 0): Target class [App\\Http\\Controllers\\MoviesController] does not exist. at /Applications/MAMP/htdocs/movies-backend-api/vendor/illuminate/container/Container.php:879)
[stacktrace]
#0 /Applications/MAMP/htdocs/movies-backend-api/vendor/illuminate/container/Container.php(758): Illuminate\\Container\\Container->build('App\\\\Http\\\\Contro...')
#1 /Applications/MAMP/htdocs/movies-backend-api/vendor/illuminate/container/Container.php(694): Illuminate\\Container\\Container->resolve('App\\\\Http\\\\Contro...', Array)
#2 /Applications/MAMP/htdocs/movies-backend-api/vendor/laravel/lumen-framework/src/Application.php(300): Illuminate\\Container\\Container->make('App\\\\Http\\\\Contro...', Array)
#3 /Applications/MAMP/htdocs/movies-backend-api/vendor/laravel/lumen-framework/src/Concerns/RoutesRequests.php(324): Laravel\\Lumen\\Application->make('App\\\\Http\\\\Contro...')
#4 /Applications/MAMP/htdocs/movies-backend-api/vendor/laravel/lumen-framework/src/Concerns/RoutesRequests.php(282): Laravel\\Lumen\\Application->callControllerAction(Array)
#5 /Applications/MAMP/htdocs/movies-backend-api/vendor/laravel/lumen-framework/src/Concerns/RoutesRequests.php(267): Laravel\\Lumen\\Application->callActionOnArrayBasedRoute(Array)
#6 /Applications/MAMP/htdocs/movies-backend-api/vendor/laravel/lumen-framework/src/Concerns/RoutesRequests.php(169): Laravel\\Lumen\\Application->handleFoundRoute(Array)
#7 /Applications/MAMP/htdocs/movies-backend-api/vendor/laravel/lumen-framework/src/Routing/Pipeline.php(48): Laravel\\Lumen\\Application->Laravel\\Lumen\\Concerns\\{closure}(Object(Laravel\\Lumen\\Http\\Request))
#8 /Applications/MAMP/htdocs/movies-backend-api/app/Http/Middleware/CorsMiddleware.php(31): Laravel\\Lumen\\Routing\\Pipeline->Laravel\\Lumen\\Routing\\{closure}(Object(Laravel\\Lumen\\Http\\Request))
#9 /Applications/MAMP/htdocs/movies-backend-api/vendor/illuminate/pipeline/Pipeline.php(167): App\\Http\\Middleware\\CorsMiddleware->handle(Object(Laravel\\Lumen\\Http\\Request), Object(Closure))
#10 /Applications/MAMP/htdocs/movies-backend-api/vendor/laravel/lumen-framework/src/Routing/Pipeline.php(30): Illuminate\\Pipeline\\Pipeline->Illuminate\\Pipeline\\{closure}(Object(Laravel\\Lumen\\Http\\Request))
#11 /Applications/MAMP/htdocs/movies-backend-api/vendor/illuminate/pipeline/Pipeline.php(103): Laravel\\Lumen\\Routing\\Pipeline->Laravel\\Lumen\\Routing\\{closure}(Object(Laravel\\Lumen\\Http\\Request))
#12 /Applications/MAMP/htdocs/movies-backend-api/vendor/laravel/lumen-framework/src/Concerns/RoutesRequests.php(426): Illuminate\\Pipeline\\Pipeline->then(Object(Closure))
#13 /Applications/MAMP/htdocs/movies-backend-api/vendor/laravel/lumen-framework/src/Concerns/RoutesRequests.php(165): Laravel\\Lumen\\Application->sendThroughPipeline(Array, Object(Closure))
#14 /Applications/MAMP/htdocs/movies-backend-api/vendor/laravel/lumen-framework/src/Concerns/RoutesRequests.php(112): Laravel\\Lumen\\Application->dispatch(NULL)
#15 /Applications/MAMP/htdocs/movies-backend-api/public/index.php(28): Laravel\\Lumen\\Application->run()
#16 {main}

[previous exception] [object] (ReflectionException(code: -1): Class \"App\\Http\\Controllers\\MoviesController\" does not exist at /Applications/MAMP/htdocs/movies-backend-api/vendor/illuminate/container/Container.php:877)
[stacktrace]
#0 /Applications/MAMP/htdocs/movies-backend-api/vendor/illuminate/container/Container.php(877): ReflectionClass->__construct('App\\\\Http\\\\Contro...')
#1 /Applications/MAMP/htdocs/movies-backend-api/vendor/illuminate/container/Container.php(758): Illuminate\\Container\\Container->build('App\\\\Http\\\\Contro...')
#2 /Applications/MAMP/htdocs/movies-backend-api/vendor/illuminate/container/Container.php(694): Illuminate\\Container\\Container->resolve('App\\\\Http\\\\Contro...', Array)
#3 /Applications/MAMP/htdocs/movies-backend-api/vendor/laravel/lumen-framework/src/Application.php(300): Illuminate\\Container\\Container->make('App\\\\Http\\\\Contro...', Array)
#4 /Applications/MAMP/htdocs/movies-backend-api/vendor/laravel/lumen-framework/src/Concerns/RoutesRequests.php(324): Laravel\\Lumen\\Application->make('App\\\\Http\\\\Contro...')
#5 /Applications/MAMP/htdocs/movies-backend-api/vendor/laravel/lumen-framework/src/Concerns/RoutesRequests.php(282): Laravel\\Lumen\\Application->callControllerAction(Array)
#6 /Applications/MAMP/htdocs/movies-backend-api/vendor/laravel/lumen-framework/src/Concerns/RoutesRequests.php(267): Laravel\\Lumen\\Application->callActionOnArrayBasedRoute(Array)
#7 /Applications/MAMP/htdocs/movies-backend-api/vendor/laravel/lumen-framework/src/Concerns/RoutesRequests.php(169): Laravel\\Lumen\\Application->handleFoundRoute(Array)
#8 /Applications/MAMP/htdocs/movies-backend-api/vendor/laravel/lumen-framework/src/Routing/Pipeline.php(48): Laravel\\Lumen\\Application->Laravel\\Lumen\\Concerns\\{closure}(Object(Laravel\\Lumen\\Http\\Request))
#9 /Applications/MAMP/htdocs/movies-backend-api/app/Http/Middleware/CorsMiddleware.php(31): Laravel\\Lumen\\Routing\\Pipeline->Laravel\\Lumen\\Routing\\{closure}(Object(Laravel\\Lumen\\Http\\Request))
#10 /Applications/MAMP/htdocs/movies-backend-api/vendor/illuminate/pipeline/Pipeline.php(167): App\\Http\\Middleware\\CorsMiddleware->handle(Object(Laravel\\Lumen\\Http\\Request), Object(Closure))
#11 /Applications/MAMP/htdocs/movies-backend-api/vendor/laravel/lumen-framework/src/Routing/Pipeline.php(30): Illuminate\\Pipeline\\Pipeline->Illuminate\\Pipeline\\{closure}(Object(Laravel\\Lumen\\Http\\Request))
#12 /Applications/MAMP/htdocs/movies-backend-api/vendor/illuminate/pipeline/Pipeline.php(103): Laravel\\Lumen\\Routing\\Pipeline->Laravel\\Lumen\\Routing\\{closure}(Object(Laravel\\Lumen\\Http\\Request))
#13 /Applications/MAMP/htdocs/movies-backend-api/vendor/laravel/lumen-framework/src/Concerns/RoutesRequests.php(426): Illuminate\\Pipeline\\Pipeline->then(Object(Closure))
#14 /Applications/MAMP/htdocs/movies-backend-api/vendor/laravel/lumen-framework/src/Concerns/RoutesRequests.php(165): Laravel\\Lumen\\Application->sendThroughPipeline(Array, Object(Closure))
#15 /Applications/MAMP/htdocs/movies-backend-api/vendor/laravel/lumen-framework/src/Concerns/RoutesRequests.php(112): Laravel\\Lumen\\Application->dispatch(NULL)
#16 /Applications/MAMP/htdocs/movies-backend-api/public/index.php(28): Laravel\\Lumen\\Application->run()
#17 {main}
"} 
[2024-03-28 20:44:38] local.ERROR: Target class [App\Http\Controllers\MoviesController] does not exist. {"exception":"[object] (Illuminate\\Contracts\\Container\\BindingResolutionException(code: 0): Target class [App\\Http\\Controllers\\MoviesController] does not exist. at /Applications/MAMP/htdocs/movies-backend-api/vendor/illuminate/container/Container.php:879)
[stacktrace]
#0 /Applications/MAMP/htdocs/movies-backend-api/vendor/illuminate/container/Container.php(758): Illuminate\\Container\\Container->build('App\\\\Http\\\\Contro...')
#1 /Applications/MAMP/htdocs/movies-backend-api/vendor/illuminate/container/Container.php(694): Illuminate\\Container\\Container->resolve('App\\\\Http\\\\Contro...', Array)
#2 /Applications/MAMP/htdocs/movies-backend-api/vendor/laravel/lumen-framework/src/Application.php(300): Illuminate\\Container\\Container->make('App\\\\Http\\\\Contro...', Array)
#3 /Applications/MAMP/htdocs/movies-backend-api/vendor/laravel/lumen-framework/src/Concerns/RoutesRequests.php(324): Laravel\\Lumen\\Application->make('App\\\\Http\\\\Contro...')
#4 /Applications/MAMP/htdocs/movies-backend-api/vendor/laravel/lumen-framework/src/Concerns/RoutesRequests.php(282): Laravel\\Lumen\\Application->callControllerAction(Array)
#5 /Applications/MAMP/htdocs/movies-backend-api/vendor/laravel/lumen-framework/src/Concerns/RoutesRequests.php(267): Laravel\\Lumen\\Application->callActionOnArrayBasedRoute(Array)
#6 /Applications/MAMP/htdocs/movies-backend-api/vendor/laravel/lumen-framework/src/Concerns/RoutesRequests.php(169): Laravel\\Lumen\\Application->handleFoundRoute(Array)
#7 /Applications/MAMP/htdocs/movies-backend-api/vendor/laravel/lumen-framework/src/Routing/Pipeline.php(48): Laravel\\Lumen\\Application->Laravel\\Lumen\\Concerns\\{closure}(Object(Laravel\\Lumen\\Http\\Request))
#8 /Applications/MAMP/htdocs/movies-backend-api/app/Http/Middleware/CorsMiddleware.php(31): Laravel\\Lumen\\Routing\\Pipeline->Laravel\\Lumen\\Routing\\{closure}(Object(Laravel\\Lumen\\Http\\Request))
#9 /Applications/MAMP/htdocs/movies-backend-api/vendor/illuminate/pipeline/Pipeline.php(167): App\\Http\\Middleware\\CorsMiddleware->handle(Object(Laravel\\Lumen\\Http\\Request), Object(Closure))
#10 /Applications/MAMP/htdocs/movies-backend-api/vendor/laravel/lumen-framework/src/Routing/Pipeline.php(30): Illuminate\\Pipeline\\Pipeline->Illuminate\\Pipeline\\{closure}(Object(Laravel\\Lumen\\Http\\Request))
#11 /Applications/MAMP/htdocs/movies-backend-api/vendor/illuminate/pipeline/Pipeline.php(103): Laravel\\Lumen\\Routing\\Pipeline->Laravel\\Lumen\\Routing\\{closure}(Object(Laravel\\Lumen\\Http\\Request))
#12 /Applications/MAMP/htdocs/movies-backend-api/vendor/laravel/lumen-framework/src/Concerns/RoutesRequests.php(426): Illuminate\\Pipeline\\Pipeline->then(Object(Closure))
#13 /Applications/MAMP/htdocs/movies-backend-api/vendor/laravel/lumen-framework/src/Concerns/RoutesRequests.php(165): Laravel\\Lumen\\Application->sendThroughPipeline(Array, Object(Closure))
#14 /Applications/MAMP/htdocs/movies-backend-api/vendor/laravel/lumen-framework/src/Concerns/RoutesRequests.php(112): Laravel\\Lumen\\Application->dispatch(NULL)
#15 /Applications/MAMP/htdocs/movies-backend-api/public/index.php(28): Laravel\\Lumen\\Application->run()
#16 {main}

[previous exception] [object] (ReflectionException(code: -1): Class \"App\\Http\\Controllers\\MoviesController\" does not exist at /Applications/MAMP/htdocs/movies-backend-api/vendor/illuminate/container/Container.php:877)
[stacktrace]
#0 /Applications/MAMP/htdocs/movies-backend-api/vendor/illuminate/container/Container.php(877): ReflectionClass->__construct('App\\\\Http\\\\Contro...')
#1 /Applications/MAMP/htdocs/movies-backend-api/vendor/illuminate/container/Container.php(758): Illuminate\\Container\\Container->build('App\\\\Http\\\\Contro...')
#2 /Applications/MAMP/htdocs/movies-backend-api/vendor/illuminate/container/Container.php(694): Illuminate\\Container\\Container->resolve('App\\\\Http\\\\Contro...', Array)
#3 /Applications/MAMP/htdocs/movies-backend-api/vendor/laravel/lumen-framework/src/Application.php(300): Illuminate\\Container\\Container->make('App\\\\Http\\\\Contro...', Array)
#4 /Applications/MAMP/htdocs/movies-backend-api/vendor/laravel/lumen-framework/src/Concerns/RoutesRequests.php(324): Laravel\\Lumen\\Application->make('App\\\\Http\\\\Contro...')
#5 /Applications/MAMP/htdocs/movies-backend-api/vendor/laravel/lumen-framework/src/Concerns/RoutesRequests.php(282): Laravel\\Lumen\\Application->callControllerAction(Array)
#6 /Applications/MAMP/htdocs/movies-backend-api/vendor/laravel/lumen-framework/src/Concerns/RoutesRequests.php(267): Laravel\\Lumen\\Application->callActionOnArrayBasedRoute(Array)
#7 /Applications/MAMP/htdocs/movies-backend-api/vendor/laravel/lumen-framework/src/Concerns/RoutesRequests.php(169): Laravel\\Lumen\\Application->handleFoundRoute(Array)
#8 /Applications/MAMP/htdocs/movies-backend-api/vendor/laravel/lumen-framework/src/Routing/Pipeline.php(48): Laravel\\Lumen\\Application->Laravel\\Lumen\\Concerns\\{closure}(Object(Laravel\\Lumen\\Http\\Request))
#9 /Applications/MAMP/htdocs/movies-backend-api/app/Http/Middleware/CorsMiddleware.php(31): Laravel\\Lumen\\Routing\\Pipeline->Laravel\\Lumen\\Routing\\{closure}(Object(Laravel\\Lumen\\Http\\Request))
#10 /Applications/MAMP/htdocs/movies-backend-api/vendor/illuminate/pipeline/Pipeline.php(167): App\\Http\\Middleware\\CorsMiddleware->handle(Object(Laravel\\Lumen\\Http\\Request), Object(Closure))
#11 /Applications/MAMP/htdocs/movies-backend-api/vendor/laravel/lumen-framework/src/Routing/Pipeline.php(30): Illuminate\\Pipeline\\Pipeline->Illuminate\\Pipeline\\{closure}(Object(Laravel\\Lumen\\Http\\Request))
#12 /Applications/MAMP/htdocs/movies-backend-api/vendor/illuminate/pipeline/Pipeline.php(103): Laravel\\Lumen\\Routing\\Pipeline->Laravel\\Lumen\\Routing\\{closure}(Object(Laravel\\Lumen\\Http\\Request))
#13 /Applications/MAMP/htdocs/movies-backend-api/vendor/laravel/lumen-framework/src/Concerns/RoutesRequests.php(426): Illuminate\\Pipeline\\Pipeline->then(Object(Closure))
#14 /Applications/MAMP/htdocs/movies-backend-api/vendor/laravel/lumen-framework/src/Concerns/RoutesRequests.php(165): Laravel\\Lumen\\Application->sendThroughPipeline(Array, Object(Closure))
#15 /Applications/MAMP/htdocs/movies-backend-api/vendor/laravel/lumen-framework/src/Concerns/RoutesRequests.php(112): Laravel\\Lumen\\Application->dispatch(NULL)
#16 /Applications/MAMP/htdocs/movies-backend-api/public/index.php(28): Laravel\\Lumen\\Application->run()
#17 {main}
"} 
[2024-03-28 20:44:39] local.ERROR: Target class [App\Http\Controllers\MoviesController] does not exist. {"exception":"[object] (Illuminate\\Contracts\\Container\\BindingResolutionException(code: 0): Target class [App\\Http\\Controllers\\MoviesController] does not exist. at /Applications/MAMP/htdocs/movies-backend-api/vendor/illuminate/container/Container.php:879)
[stacktrace]
#0 /Applications/MAMP/htdocs/movies-backend-api/vendor/illuminate/container/Container.php(758): Illuminate\\Container\\Container->build('App\\\\Http\\\\Contro...')
#1 /Applications/MAMP/htdocs/movies-backend-api/vendor/illuminate/container/Container.php(694): Illuminate\\Container\\Container->resolve('App\\\\Http\\\\Contro...', Array)
#2 /Applications/MAMP/htdocs/movies-backend-api/vendor/laravel/lumen-framework/src/Application.php(300): Illuminate\\Container\\Container->make('App\\\\Http\\\\Contro...', Array)
#3 /Applications/MAMP/htdocs/movies-backend-api/vendor/laravel/lumen-framework/src/Concerns/RoutesRequests.php(324): Laravel\\Lumen\\Application->make('App\\\\Http\\\\Contro...')
#4 /Applications/MAMP/htdocs/movies-backend-api/vendor/laravel/lumen-framework/src/Concerns/RoutesRequests.php(282): Laravel\\Lumen\\Application->callControllerAction(Array)
#5 /Applications/MAMP/htdocs/movies-backend-api/vendor/laravel/lumen-framework/src/Concerns/RoutesRequests.php(267): Laravel\\Lumen\\Application->callActionOnArrayBasedRoute(Array)
#6 /Applications/MAMP/htdocs/movies-backend-api/vendor/laravel/lumen-framework/src/Concerns/RoutesRequests.php(169): Laravel\\Lumen\\Application->handleFoundRoute(Array)
#7 /Applications/MAMP/htdocs/movies-backend-api/vendor/laravel/lumen-framework/src/Routing/Pipeline.php(48): Laravel\\Lumen\\Application->Laravel\\Lumen\\Concerns\\{closure}(Object(Laravel\\Lumen\\Http\\Request))
#8 /Applications/MAMP/htdocs/movies-backend-api/app/Http/Middleware/CorsMiddleware.php(31): Laravel\\Lumen\\Routing\\Pipeline->Laravel\\Lumen\\Routing\\{closure}(Object(Laravel\\Lumen\\Http\\Request))
#9 /Applications/MAMP/htdocs/movies-backend-api/vendor/illuminate/pipeline/Pipeline.php(167): App\\Http\\Middleware\\CorsMiddleware->handle(Object(Laravel\\Lumen\\Http\\Request), Object(Closure))
#10 /Applications/MAMP/htdocs/movies-backend-api/vendor/laravel/lumen-framework/src/Routing/Pipeline.php(30): Illuminate\\Pipeline\\Pipeline->Illuminate\\Pipeline\\{closure}(Object(Laravel\\Lumen\\Http\\Request))
#11 /Applications/MAMP/htdocs/movies-backend-api/vendor/illuminate/pipeline/Pipeline.php(103): Laravel\\Lumen\\Routing\\Pipeline->Laravel\\Lumen\\Routing\\{closure}(Object(Laravel\\Lumen\\Http\\Request))
#12 /Applications/MAMP/htdocs/movies-backend-api/vendor/laravel/lumen-framework/src/Concerns/RoutesRequests.php(426): Illuminate\\Pipeline\\Pipeline->then(Object(Closure))
#13 /Applications/MAMP/htdocs/movies-backend-api/vendor/laravel/lumen-framework/src/Concerns/RoutesRequests.php(165): Laravel\\Lumen\\Application->sendThroughPipeline(Array, Object(Closure))
#14 /Applications/MAMP/htdocs/movies-backend-api/vendor/laravel/lumen-framework/src/Concerns/RoutesRequests.php(112): Laravel\\Lumen\\Application->dispatch(NULL)
#15 /Applications/MAMP/htdocs/movies-backend-api/public/index.php(28): Laravel\\Lumen\\Application->run()
#16 {main}

[previous exception] [object] (ReflectionException(code: -1): Class \"App\\Http\\Controllers\\MoviesController\" does not exist at /Applications/MAMP/htdocs/movies-backend-api/vendor/illuminate/container/Container.php:877)
[stacktrace]
#0 /Applications/MAMP/htdocs/movies-backend-api/vendor/illuminate/container/Container.php(877): ReflectionClass->__construct('App\\\\Http\\\\Contro...')
#1 /Applications/MAMP/htdocs/movies-backend-api/vendor/illuminate/container/Container.php(758): Illuminate\\Container\\Container->build('App\\\\Http\\\\Contro...')
#2 /Applications/MAMP/htdocs/movies-backend-api/vendor/illuminate/container/Container.php(694): Illuminate\\Container\\Container->resolve('App\\\\Http\\\\Contro...', Array)
#3 /Applications/MAMP/htdocs/movies-backend-api/vendor/laravel/lumen-framework/src/Application.php(300): Illuminate\\Container\\Container->make('App\\\\Http\\\\Contro...', Array)
#4 /Applications/MAMP/htdocs/movies-backend-api/vendor/laravel/lumen-framework/src/Concerns/RoutesRequests.php(324): Laravel\\Lumen\\Application->make('App\\\\Http\\\\Contro...')
#5 /Applications/MAMP/htdocs/movies-backend-api/vendor/laravel/lumen-framework/src/Concerns/RoutesRequests.php(282): Laravel\\Lumen\\Application->callControllerAction(Array)
#6 /Applications/MAMP/htdocs/movies-backend-api/vendor/laravel/lumen-framework/src/Concerns/RoutesRequests.php(267): Laravel\\Lumen\\Application->callActionOnArrayBasedRoute(Array)
#7 /Applications/MAMP/htdocs/movies-backend-api/vendor/laravel/lumen-framework/src/Concerns/RoutesRequests.php(169): Laravel\\Lumen\\Application->handleFoundRoute(Array)
#8 /Applications/MAMP/htdocs/movies-backend-api/vendor/laravel/lumen-framework/src/Routing/Pipeline.php(48): Laravel\\Lumen\\Application->Laravel\\Lumen\\Concerns\\{closure}(Object(Laravel\\Lumen\\Http\\Request))
#9 /Applications/MAMP/htdocs/movies-backend-api/app/Http/Middleware/CorsMiddleware.php(31): Laravel\\Lumen\\Routing\\Pipeline->Laravel\\Lumen\\Routing\\{closure}(Object(Laravel\\Lumen\\Http\\Request))
#10 /Applications/MAMP/htdocs/movies-backend-api/vendor/illuminate/pipeline/Pipeline.php(167): App\\Http\\Middleware\\CorsMiddleware->handle(Object(Laravel\\Lumen\\Http\\Request), Object(Closure))
#11 /Applications/MAMP/htdocs/movies-backend-api/vendor/laravel/lumen-framework/src/Routing/Pipeline.php(30): Illuminate\\Pipeline\\Pipeline->Illuminate\\Pipeline\\{closure}(Object(Laravel\\Lumen\\Http\\Request))
#12 /Applications/MAMP/htdocs/movies-backend-api/vendor/illuminate/pipeline/Pipeline.php(103): Laravel\\Lumen\\Routing\\Pipeline->Laravel\\Lumen\\Routing\\{closure}(Object(Laravel\\Lumen\\Http\\Request))
#13 /Applications/MAMP/htdocs/movies-backend-api/vendor/laravel/lumen-framework/src/Concerns/RoutesRequests.php(426): Illuminate\\Pipeline\\Pipeline->then(Object(Closure))
#14 /Applications/MAMP/htdocs/movies-backend-api/vendor/laravel/lumen-framework/src/Concerns/RoutesRequests.php(165): Laravel\\Lumen\\Application->sendThroughPipeline(Array, Object(Closure))
#15 /Applications/MAMP/htdocs/movies-backend-api/vendor/laravel/lumen-framework/src/Concerns/RoutesRequests.php(112): Laravel\\Lumen\\Application->dispatch(NULL)
#16 /Applications/MAMP/htdocs/movies-backend-api/public/index.php(28): Laravel\\Lumen\\Application->run()
#17 {main}
"} 
[2024-03-28 20:44:39] local.ERROR: Target class [App\Http\Controllers\MoviesController] does not exist. {"exception":"[object] (Illuminate\\Contracts\\Container\\BindingResolutionException(code: 0): Target class [App\\Http\\Controllers\\MoviesController] does not exist. at /Applications/MAMP/htdocs/movies-backend-api/vendor/illuminate/container/Container.php:879)
[stacktrace]
#0 /Applications/MAMP/htdocs/movies-backend-api/vendor/illuminate/container/Container.php(758): Illuminate\\Container\\Container->build('App\\\\Http\\\\Contro...')
#1 /Applications/MAMP/htdocs/movies-backend-api/vendor/illuminate/container/Container.php(694): Illuminate\\Container\\Container->resolve('App\\\\Http\\\\Contro...', Array)
#2 /Applications/MAMP/htdocs/movies-backend-api/vendor/laravel/lumen-framework/src/Application.php(300): Illuminate\\Container\\Container->make('App\\\\Http\\\\Contro...', Array)
#3 /Applications/MAMP/htdocs/movies-backend-api/vendor/laravel/lumen-framework/src/Concerns/RoutesRequests.php(324): Laravel\\Lumen\\Application->make('App\\\\Http\\\\Contro...')
#4 /Applications/MAMP/htdocs/movies-backend-api/vendor/laravel/lumen-framework/src/Concerns/RoutesRequests.php(282): Laravel\\Lumen\\Application->callControllerAction(Array)
#5 /Applications/MAMP/htdocs/movies-backend-api/vendor/laravel/lumen-framework/src/Concerns/RoutesRequests.php(267): Laravel\\Lumen\\Application->callActionOnArrayBasedRoute(Array)
#6 /Applications/MAMP/htdocs/movies-backend-api/vendor/laravel/lumen-framework/src/Concerns/RoutesRequests.php(169): Laravel\\Lumen\\Application->handleFoundRoute(Array)
#7 /Applications/MAMP/htdocs/movies-backend-api/vendor/laravel/lumen-framework/src/Routing/Pipeline.php(48): Laravel\\Lumen\\Application->Laravel\\Lumen\\Concerns\\{closure}(Object(Laravel\\Lumen\\Http\\Request))
#8 /Applications/MAMP/htdocs/movies-backend-api/app/Http/Middleware/CorsMiddleware.php(31): Laravel\\Lumen\\Routing\\Pipeline->Laravel\\Lumen\\Routing\\{closure}(Object(Laravel\\Lumen\\Http\\Request))
#9 /Applications/MAMP/htdocs/movies-backend-api/vendor/illuminate/pipeline/Pipeline.php(167): App\\Http\\Middleware\\CorsMiddleware->handle(Object(Laravel\\Lumen\\Http\\Request), Object(Closure))
#10 /Applications/MAMP/htdocs/movies-backend-api/vendor/laravel/lumen-framework/src/Routing/Pipeline.php(30): Illuminate\\Pipeline\\Pipeline->Illuminate\\Pipeline\\{closure}(Object(Laravel\\Lumen\\Http\\Request))
#11 /Applications/MAMP/htdocs/movies-backend-api/vendor/illuminate/pipeline/Pipeline.php(103): Laravel\\Lumen\\Routing\\Pipeline->Laravel\\Lumen\\Routing\\{closure}(Object(Laravel\\Lumen\\Http\\Request))
#12 /Applications/MAMP/htdocs/movies-backend-api/vendor/laravel/lumen-framework/src/Concerns/RoutesRequests.php(426): Illuminate\\Pipeline\\Pipeline->then(Object(Closure))
#13 /Applications/MAMP/htdocs/movies-backend-api/vendor/laravel/lumen-framework/src/Concerns/RoutesRequests.php(165): Laravel\\Lumen\\Application->sendThroughPipeline(Array, Object(Closure))
#14 /Applications/MAMP/htdocs/movies-backend-api/vendor/laravel/lumen-framework/src/Concerns/RoutesRequests.php(112): Laravel\\Lumen\\Application->dispatch(NULL)
#15 /Applications/MAMP/htdocs/movies-backend-api/public/index.php(28): Laravel\\Lumen\\Application->run()
#16 {main}

[previous exception] [object] (ReflectionException(code: -1): Class \"App\\Http\\Controllers\\MoviesController\" does not exist at /Applications/MAMP/htdocs/movies-backend-api/vendor/illuminate/container/Container.php:877)
[stacktrace]
#0 /Applications/MAMP/htdocs/movies-backend-api/vendor/illuminate/container/Container.php(877): ReflectionClass->__construct('App\\\\Http\\\\Contro...')
#1 /Applications/MAMP/htdocs/movies-backend-api/vendor/illuminate/container/Container.php(758): Illuminate\\Container\\Container->build('App\\\\Http\\\\Contro...')
#2 /Applications/MAMP/htdocs/movies-backend-api/vendor/illuminate/container/Container.php(694): Illuminate\\Container\\Container->resolve('App\\\\Http\\\\Contro...', Array)
#3 /Applications/MAMP/htdocs/movies-backend-api/vendor/laravel/lumen-framework/src/Application.php(300): Illuminate\\Container\\Container->make('App\\\\Http\\\\Contro...', Array)
#4 /Applications/MAMP/htdocs/movies-backend-api/vendor/laravel/lumen-framework/src/Concerns/RoutesRequests.php(324): Laravel\\Lumen\\Application->make('App\\\\Http\\\\Contro...')
#5 /Applications/MAMP/htdocs/movies-backend-api/vendor/laravel/lumen-framework/src/Concerns/RoutesRequests.php(282): Laravel\\Lumen\\Application->callControllerAction(Array)
#6 /Applications/MAMP/htdocs/movies-backend-api/vendor/laravel/lumen-framework/src/Concerns/RoutesRequests.php(267): Laravel\\Lumen\\Application->callActionOnArrayBasedRoute(Array)
#7 /Applications/MAMP/htdocs/movies-backend-api/vendor/laravel/lumen-framework/src/Concerns/RoutesRequests.php(169): Laravel\\Lumen\\Application->handleFoundRoute(Array)
#8 /Applications/MAMP/htdocs/movies-backend-api/vendor/laravel/lumen-framework/src/Routing/Pipeline.php(48): Laravel\\Lumen\\Application->Laravel\\Lumen\\Concerns\\{closure}(Object(Laravel\\Lumen\\Http\\Request))
#9 /Applications/MAMP/htdocs/movies-backend-api/app/Http/Middleware/CorsMiddleware.php(31): Laravel\\Lumen\\Routing\\Pipeline->Laravel\\Lumen\\Routing\\{closure}(Object(Laravel\\Lumen\\Http\\Request))
#10 /Applications/MAMP/htdocs/movies-backend-api/vendor/illuminate/pipeline/Pipeline.php(167): App\\Http\\Middleware\\CorsMiddleware->handle(Object(Laravel\\Lumen\\Http\\Request), Object(Closure))
#11 /Applications/MAMP/htdocs/movies-backend-api/vendor/laravel/lumen-framework/src/Routing/Pipeline.php(30): Illuminate\\Pipeline\\Pipeline->Illuminate\\Pipeline\\{closure}(Object(Laravel\\Lumen\\Http\\Request))
#12 /Applications/MAMP/htdocs/movies-backend-api/vendor/illuminate/pipeline/Pipeline.php(103): Laravel\\Lumen\\Routing\\Pipeline->Laravel\\Lumen\\Routing\\{closure}(Object(Laravel\\Lumen\\Http\\Request))
#13 /Applications/MAMP/htdocs/movies-backend-api/vendor/laravel/lumen-framework/src/Concerns/RoutesRequests.php(426): Illuminate\\Pipeline\\Pipeline->then(Object(Closure))
#14 /Applications/MAMP/htdocs/movies-backend-api/vendor/laravel/lumen-framework/src/Concerns/RoutesRequests.php(165): Laravel\\Lumen\\Application->sendThroughPipeline(Array, Object(Closure))
#15 /Applications/MAMP/htdocs/movies-backend-api/vendor/laravel/lumen-framework/src/Concerns/RoutesRequests.php(112): Laravel\\Lumen\\Application->dispatch(NULL)
#16 /Applications/MAMP/htdocs/movies-backend-api/public/index.php(28): Laravel\\Lumen\\Application->run()
#17 {main}
"} 
[2024-03-28 20:45:54] local.ERROR: Target class [App\Http\Controllers\MoviesController] does not exist. {"exception":"[object] (Illuminate\\Contracts\\Container\\BindingResolutionException(code: 0): Target class [App\\Http\\Controllers\\MoviesController] does not exist. at /Applications/MAMP/htdocs/movies-backend-api/vendor/illuminate/container/Container.php:879)
[stacktrace]
#0 /Applications/MAMP/htdocs/movies-backend-api/vendor/illuminate/container/Container.php(758): Illuminate\\Container\\Container->build('App\\\\Http\\\\Contro...')
#1 /Applications/MAMP/htdocs/movies-backend-api/vendor/illuminate/container/Container.php(694): Illuminate\\Container\\Container->resolve('App\\\\Http\\\\Contro...', Array)
#2 /Applications/MAMP/htdocs/movies-backend-api/vendor/laravel/lumen-framework/src/Application.php(300): Illuminate\\Container\\Container->make('App\\\\Http\\\\Contro...', Array)
#3 /Applications/MAMP/htdocs/movies-backend-api/vendor/laravel/lumen-framework/src/Concerns/RoutesRequests.php(324): Laravel\\Lumen\\Application->make('App\\\\Http\\\\Contro...')
#4 /Applications/MAMP/htdocs/movies-backend-api/vendor/laravel/lumen-framework/src/Concerns/RoutesRequests.php(282): Laravel\\Lumen\\Application->callControllerAction(Array)
#5 /Applications/MAMP/htdocs/movies-backend-api/vendor/laravel/lumen-framework/src/Concerns/RoutesRequests.php(267): Laravel\\Lumen\\Application->callActionOnArrayBasedRoute(Array)
#6 /Applications/MAMP/htdocs/movies-backend-api/vendor/laravel/lumen-framework/src/Concerns/RoutesRequests.php(169): Laravel\\Lumen\\Application->handleFoundRoute(Array)
#7 /Applications/MAMP/htdocs/movies-backend-api/vendor/laravel/lumen-framework/src/Routing/Pipeline.php(48): Laravel\\Lumen\\Application->Laravel\\Lumen\\Concerns\\{closure}(Object(Laravel\\Lumen\\Http\\Request))
#8 /Applications/MAMP/htdocs/movies-backend-api/app/Http/Middleware/CorsMiddleware.php(31): Laravel\\Lumen\\Routing\\Pipeline->Laravel\\Lumen\\Routing\\{closure}(Object(Laravel\\Lumen\\Http\\Request))
#9 /Applications/MAMP/htdocs/movies-backend-api/vendor/illuminate/pipeline/Pipeline.php(167): App\\Http\\Middleware\\CorsMiddleware->handle(Object(Laravel\\Lumen\\Http\\Request), Object(Closure))
#10 /Applications/MAMP/htdocs/movies-backend-api/vendor/laravel/lumen-framework/src/Routing/Pipeline.php(30): Illuminate\\Pipeline\\Pipeline->Illuminate\\Pipeline\\{closure}(Object(Laravel\\Lumen\\Http\\Request))
#11 /Applications/MAMP/htdocs/movies-backend-api/vendor/illuminate/pipeline/Pipeline.php(103): Laravel\\Lumen\\Routing\\Pipeline->Laravel\\Lumen\\Routing\\{closure}(Object(Laravel\\Lumen\\Http\\Request))
#12 /Applications/MAMP/htdocs/movies-backend-api/vendor/laravel/lumen-framework/src/Concerns/RoutesRequests.php(426): Illuminate\\Pipeline\\Pipeline->then(Object(Closure))
#13 /Applications/MAMP/htdocs/movies-backend-api/vendor/laravel/lumen-framework/src/Concerns/RoutesRequests.php(165): Laravel\\Lumen\\Application->sendThroughPipeline(Array, Object(Closure))
#14 /Applications/MAMP/htdocs/movies-backend-api/vendor/laravel/lumen-framework/src/Concerns/RoutesRequests.php(112): Laravel\\Lumen\\Application->dispatch(NULL)
#15 /Applications/MAMP/htdocs/movies-backend-api/public/index.php(28): Laravel\\Lumen\\Application->run()
#16 {main}

[previous exception] [object] (ReflectionException(code: -1): Class \"App\\Http\\Controllers\\MoviesController\" does not exist at /Applications/MAMP/htdocs/movies-backend-api/vendor/illuminate/container/Container.php:877)
[stacktrace]
#0 /Applications/MAMP/htdocs/movies-backend-api/vendor/illuminate/container/Container.php(877): ReflectionClass->__construct('App\\\\Http\\\\Contro...')
#1 /Applications/MAMP/htdocs/movies-backend-api/vendor/illuminate/container/Container.php(758): Illuminate\\Container\\Container->build('App\\\\Http\\\\Contro...')
#2 /Applications/MAMP/htdocs/movies-backend-api/vendor/illuminate/container/Container.php(694): Illuminate\\Container\\Container->resolve('App\\\\Http\\\\Contro...', Array)
#3 /Applications/MAMP/htdocs/movies-backend-api/vendor/laravel/lumen-framework/src/Application.php(300): Illuminate\\Container\\Container->make('App\\\\Http\\\\Contro...', Array)
#4 /Applications/MAMP/htdocs/movies-backend-api/vendor/laravel/lumen-framework/src/Concerns/RoutesRequests.php(324): Laravel\\Lumen\\Application->make('App\\\\Http\\\\Contro...')
#5 /Applications/MAMP/htdocs/movies-backend-api/vendor/laravel/lumen-framework/src/Concerns/RoutesRequests.php(282): Laravel\\Lumen\\Application->callControllerAction(Array)
#6 /Applications/MAMP/htdocs/movies-backend-api/vendor/laravel/lumen-framework/src/Concerns/RoutesRequests.php(267): Laravel\\Lumen\\Application->callActionOnArrayBasedRoute(Array)
#7 /Applications/MAMP/htdocs/movies-backend-api/vendor/laravel/lumen-framework/src/Concerns/RoutesRequests.php(169): Laravel\\Lumen\\Application->handleFoundRoute(Array)
#8 /Applications/MAMP/htdocs/movies-backend-api/vendor/laravel/lumen-framework/src/Routing/Pipeline.php(48): Laravel\\Lumen\\Application->Laravel\\Lumen\\Concerns\\{closure}(Object(Laravel\\Lumen\\Http\\Request))
#9 /Applications/MAMP/htdocs/movies-backend-api/app/Http/Middleware/CorsMiddleware.php(31): Laravel\\Lumen\\Routing\\Pipeline->Laravel\\Lumen\\Routing\\{closure}(Object(Laravel\\Lumen\\Http\\Request))
#10 /Applications/MAMP/htdocs/movies-backend-api/vendor/illuminate/pipeline/Pipeline.php(167): App\\Http\\Middleware\\CorsMiddleware->handle(Object(Laravel\\Lumen\\Http\\Request), Object(Closure))
#11 /Applications/MAMP/htdocs/movies-backend-api/vendor/laravel/lumen-framework/src/Routing/Pipeline.php(30): Illuminate\\Pipeline\\Pipeline->Illuminate\\Pipeline\\{closure}(Object(Laravel\\Lumen\\Http\\Request))
#12 /Applications/MAMP/htdocs/movies-backend-api/vendor/illuminate/pipeline/Pipeline.php(103): Laravel\\Lumen\\Routing\\Pipeline->Laravel\\Lumen\\Routing\\{closure}(Object(Laravel\\Lumen\\Http\\Request))
#13 /Applications/MAMP/htdocs/movies-backend-api/vendor/laravel/lumen-framework/src/Concerns/RoutesRequests.php(426): Illuminate\\Pipeline\\Pipeline->then(Object(Closure))
#14 /Applications/MAMP/htdocs/movies-backend-api/vendor/laravel/lumen-framework/src/Concerns/RoutesRequests.php(165): Laravel\\Lumen\\Application->sendThroughPipeline(Array, Object(Closure))
#15 /Applications/MAMP/htdocs/movies-backend-api/vendor/laravel/lumen-framework/src/Concerns/RoutesRequests.php(112): Laravel\\Lumen\\Application->dispatch(NULL)
#16 /Applications/MAMP/htdocs/movies-backend-api/public/index.php(28): Laravel\\Lumen\\Application->run()
#17 {main}
"} 
[2024-03-28 20:46:57] local.ERROR: Target class [App\Http\Controllers\MoviesController] does not exist. {"exception":"[object] (Illuminate\\Contracts\\Container\\BindingResolutionException(code: 0): Target class [App\\Http\\Controllers\\MoviesController] does not exist. at /Applications/MAMP/htdocs/movies-backend-api/vendor/illuminate/container/Container.php:879)
[stacktrace]
#0 /Applications/MAMP/htdocs/movies-backend-api/vendor/illuminate/container/Container.php(758): Illuminate\\Container\\Container->build('App\\\\Http\\\\Contro...')
#1 /Applications/MAMP/htdocs/movies-backend-api/vendor/illuminate/container/Container.php(694): Illuminate\\Container\\Container->resolve('App\\\\Http\\\\Contro...', Array)
#2 /Applications/MAMP/htdocs/movies-backend-api/vendor/laravel/lumen-framework/src/Application.php(300): Illuminate\\Container\\Container->make('App\\\\Http\\\\Contro...', Array)
#3 /Applications/MAMP/htdocs/movies-backend-api/vendor/laravel/lumen-framework/src/Concerns/RoutesRequests.php(324): Laravel\\Lumen\\Application->make('App\\\\Http\\\\Contro...')
#4 /Applications/MAMP/htdocs/movies-backend-api/vendor/laravel/lumen-framework/src/Concerns/RoutesRequests.php(282): Laravel\\Lumen\\Application->callControllerAction(Array)
#5 /Applications/MAMP/htdocs/movies-backend-api/vendor/laravel/lumen-framework/src/Concerns/RoutesRequests.php(267): Laravel\\Lumen\\Application->callActionOnArrayBasedRoute(Array)
#6 /Applications/MAMP/htdocs/movies-backend-api/vendor/laravel/lumen-framework/src/Concerns/RoutesRequests.php(169): Laravel\\Lumen\\Application->handleFoundRoute(Array)
#7 /Applications/MAMP/htdocs/movies-backend-api/vendor/laravel/lumen-framework/src/Routing/Pipeline.php(48): Laravel\\Lumen\\Application->Laravel\\Lumen\\Concerns\\{closure}(Object(Laravel\\Lumen\\Http\\Request))
#8 /Applications/MAMP/htdocs/movies-backend-api/app/Http/Middleware/CorsMiddleware.php(31): Laravel\\Lumen\\Routing\\Pipeline->Laravel\\Lumen\\Routing\\{closure}(Object(Laravel\\Lumen\\Http\\Request))
#9 /Applications/MAMP/htdocs/movies-backend-api/vendor/illuminate/pipeline/Pipeline.php(167): App\\Http\\Middleware\\CorsMiddleware->handle(Object(Laravel\\Lumen\\Http\\Request), Object(Closure))
#10 /Applications/MAMP/htdocs/movies-backend-api/vendor/laravel/lumen-framework/src/Routing/Pipeline.php(30): Illuminate\\Pipeline\\Pipeline->Illuminate\\Pipeline\\{closure}(Object(Laravel\\Lumen\\Http\\Request))
#11 /Applications/MAMP/htdocs/movies-backend-api/vendor/illuminate/pipeline/Pipeline.php(103): Laravel\\Lumen\\Routing\\Pipeline->Laravel\\Lumen\\Routing\\{closure}(Object(Laravel\\Lumen\\Http\\Request))
#12 /Applications/MAMP/htdocs/movies-backend-api/vendor/laravel/lumen-framework/src/Concerns/RoutesRequests.php(426): Illuminate\\Pipeline\\Pipeline->then(Object(Closure))
#13 /Applications/MAMP/htdocs/movies-backend-api/vendor/laravel/lumen-framework/src/Concerns/RoutesRequests.php(165): Laravel\\Lumen\\Application->sendThroughPipeline(Array, Object(Closure))
#14 /Applications/MAMP/htdocs/movies-backend-api/vendor/laravel/lumen-framework/src/Concerns/RoutesRequests.php(112): Laravel\\Lumen\\Application->dispatch(NULL)
#15 /Applications/MAMP/htdocs/movies-backend-api/public/index.php(28): Laravel\\Lumen\\Application->run()
#16 {main}

[previous exception] [object] (ReflectionException(code: -1): Class \"App\\Http\\Controllers\\MoviesController\" does not exist at /Applications/MAMP/htdocs/movies-backend-api/vendor/illuminate/container/Container.php:877)
[stacktrace]
#0 /Applications/MAMP/htdocs/movies-backend-api/vendor/illuminate/container/Container.php(877): ReflectionClass->__construct('App\\\\Http\\\\Contro...')
#1 /Applications/MAMP/htdocs/movies-backend-api/vendor/illuminate/container/Container.php(758): Illuminate\\Container\\Container->build('App\\\\Http\\\\Contro...')
#2 /Applications/MAMP/htdocs/movies-backend-api/vendor/illuminate/container/Container.php(694): Illuminate\\Container\\Container->resolve('App\\\\Http\\\\Contro...', Array)
#3 /Applications/MAMP/htdocs/movies-backend-api/vendor/laravel/lumen-framework/src/Application.php(300): Illuminate\\Container\\Container->make('App\\\\Http\\\\Contro...', Array)
#4 /Applications/MAMP/htdocs/movies-backend-api/vendor/laravel/lumen-framework/src/Concerns/RoutesRequests.php(324): Laravel\\Lumen\\Application->make('App\\\\Http\\\\Contro...')
#5 /Applications/MAMP/htdocs/movies-backend-api/vendor/laravel/lumen-framework/src/Concerns/RoutesRequests.php(282): Laravel\\Lumen\\Application->callControllerAction(Array)
#6 /Applications/MAMP/htdocs/movies-backend-api/vendor/laravel/lumen-framework/src/Concerns/RoutesRequests.php(267): Laravel\\Lumen\\Application->callActionOnArrayBasedRoute(Array)
#7 /Applications/MAMP/htdocs/movies-backend-api/vendor/laravel/lumen-framework/src/Concerns/RoutesRequests.php(169): Laravel\\Lumen\\Application->handleFoundRoute(Array)
#8 /Applications/MAMP/htdocs/movies-backend-api/vendor/laravel/lumen-framework/src/Routing/Pipeline.php(48): Laravel\\Lumen\\Application->Laravel\\Lumen\\Concerns\\{closure}(Object(Laravel\\Lumen\\Http\\Request))
#9 /Applications/MAMP/htdocs/movies-backend-api/app/Http/Middleware/CorsMiddleware.php(31): Laravel\\Lumen\\Routing\\Pipeline->Laravel\\Lumen\\Routing\\{closure}(Object(Laravel\\Lumen\\Http\\Request))
#10 /Applications/MAMP/htdocs/movies-backend-api/vendor/illuminate/pipeline/Pipeline.php(167): App\\Http\\Middleware\\CorsMiddleware->handle(Object(Laravel\\Lumen\\Http\\Request), Object(Closure))
#11 /Applications/MAMP/htdocs/movies-backend-api/vendor/laravel/lumen-framework/src/Routing/Pipeline.php(30): Illuminate\\Pipeline\\Pipeline->Illuminate\\Pipeline\\{closure}(Object(Laravel\\Lumen\\Http\\Request))
#12 /Applications/MAMP/htdocs/movies-backend-api/vendor/illuminate/pipeline/Pipeline.php(103): Laravel\\Lumen\\Routing\\Pipeline->Laravel\\Lumen\\Routing\\{closure}(Object(Laravel\\Lumen\\Http\\Request))
#13 /Applications/MAMP/htdocs/movies-backend-api/vendor/laravel/lumen-framework/src/Concerns/RoutesRequests.php(426): Illuminate\\Pipeline\\Pipeline->then(Object(Closure))
#14 /Applications/MAMP/htdocs/movies-backend-api/vendor/laravel/lumen-framework/src/Concerns/RoutesRequests.php(165): Laravel\\Lumen\\Application->sendThroughPipeline(Array, Object(Closure))
#15 /Applications/MAMP/htdocs/movies-backend-api/vendor/laravel/lumen-framework/src/Concerns/RoutesRequests.php(112): Laravel\\Lumen\\Application->dispatch(NULL)
#16 /Applications/MAMP/htdocs/movies-backend-api/public/index.php(28): Laravel\\Lumen\\Application->run()
#17 {main}
"} 
[2024-03-28 20:47:47] local.ERROR: Target class [App\Http\Controllers\MoviesController] does not exist. {"exception":"[object] (Illuminate\\Contracts\\Container\\BindingResolutionException(code: 0): Target class [App\\Http\\Controllers\\MoviesController] does not exist. at /Applications/MAMP/htdocs/movies-backend-api/vendor/illuminate/container/Container.php:879)
[stacktrace]
#0 /Applications/MAMP/htdocs/movies-backend-api/vendor/illuminate/container/Container.php(758): Illuminate\\Container\\Container->build('App\\\\Http\\\\Contro...')
#1 /Applications/MAMP/htdocs/movies-backend-api/vendor/illuminate/container/Container.php(694): Illuminate\\Container\\Container->resolve('App\\\\Http\\\\Contro...', Array)
#2 /Applications/MAMP/htdocs/movies-backend-api/vendor/laravel/lumen-framework/src/Application.php(300): Illuminate\\Container\\Container->make('App\\\\Http\\\\Contro...', Array)
#3 /Applications/MAMP/htdocs/movies-backend-api/vendor/laravel/lumen-framework/src/Concerns/RoutesRequests.php(324): Laravel\\Lumen\\Application->make('App\\\\Http\\\\Contro...')
#4 /Applications/MAMP/htdocs/movies-backend-api/vendor/laravel/lumen-framework/src/Concerns/RoutesRequests.php(282): Laravel\\Lumen\\Application->callControllerAction(Array)
#5 /Applications/MAMP/htdocs/movies-backend-api/vendor/laravel/lumen-framework/src/Concerns/RoutesRequests.php(267): Laravel\\Lumen\\Application->callActionOnArrayBasedRoute(Array)
#6 /Applications/MAMP/htdocs/movies-backend-api/vendor/laravel/lumen-framework/src/Concerns/RoutesRequests.php(169): Laravel\\Lumen\\Application->handleFoundRoute(Array)
#7 /Applications/MAMP/htdocs/movies-backend-api/vendor/laravel/lumen-framework/src/Routing/Pipeline.php(48): Laravel\\Lumen\\Application->Laravel\\Lumen\\Concerns\\{closure}(Object(Laravel\\Lumen\\Http\\Request))
#8 /Applications/MAMP/htdocs/movies-backend-api/app/Http/Middleware/CorsMiddleware.php(31): Laravel\\Lumen\\Routing\\Pipeline->Laravel\\Lumen\\Routing\\{closure}(Object(Laravel\\Lumen\\Http\\Request))
#9 /Applications/MAMP/htdocs/movies-backend-api/vendor/illuminate/pipeline/Pipeline.php(167): App\\Http\\Middleware\\CorsMiddleware->handle(Object(Laravel\\Lumen\\Http\\Request), Object(Closure))
#10 /Applications/MAMP/htdocs/movies-backend-api/vendor/laravel/lumen-framework/src/Routing/Pipeline.php(30): Illuminate\\Pipeline\\Pipeline->Illuminate\\Pipeline\\{closure}(Object(Laravel\\Lumen\\Http\\Request))
#11 /Applications/MAMP/htdocs/movies-backend-api/vendor/illuminate/pipeline/Pipeline.php(103): Laravel\\Lumen\\Routing\\Pipeline->Laravel\\Lumen\\Routing\\{closure}(Object(Laravel\\Lumen\\Http\\Request))
#12 /Applications/MAMP/htdocs/movies-backend-api/vendor/laravel/lumen-framework/src/Concerns/RoutesRequests.php(426): Illuminate\\Pipeline\\Pipeline->then(Object(Closure))
#13 /Applications/MAMP/htdocs/movies-backend-api/vendor/laravel/lumen-framework/src/Concerns/RoutesRequests.php(175): Laravel\\Lumen\\Application->sendThroughPipeline(Array, Object(Closure))
#14 /Applications/MAMP/htdocs/movies-backend-api/vendor/laravel/lumen-framework/src/Concerns/RoutesRequests.php(112): Laravel\\Lumen\\Application->dispatch(NULL)
#15 /Applications/MAMP/htdocs/movies-backend-api/public/index.php(28): Laravel\\Lumen\\Application->run()
#16 {main}

[previous exception] [object] (ReflectionException(code: -1): Class App\\Http\\Controllers\\MoviesController does not exist at /Applications/MAMP/htdocs/movies-backend-api/vendor/illuminate/container/Container.php:877)
[stacktrace]
#0 /Applications/MAMP/htdocs/movies-backend-api/vendor/illuminate/container/Container.php(877): ReflectionClass->__construct('App\\\\Http\\\\Contro...')
#1 /Applications/MAMP/htdocs/movies-backend-api/vendor/illuminate/container/Container.php(758): Illuminate\\Container\\Container->build('App\\\\Http\\\\Contro...')
#2 /Applications/MAMP/htdocs/movies-backend-api/vendor/illuminate/container/Container.php(694): Illuminate\\Container\\Container->resolve('App\\\\Http\\\\Contro...', Array)
#3 /Applications/MAMP/htdocs/movies-backend-api/vendor/laravel/lumen-framework/src/Application.php(300): Illuminate\\Container\\Container->make('App\\\\Http\\\\Contro...', Array)
#4 /Applications/MAMP/htdocs/movies-backend-api/vendor/laravel/lumen-framework/src/Concerns/RoutesRequests.php(324): Laravel\\Lumen\\Application->make('App\\\\Http\\\\Contro...')
#5 /Applications/MAMP/htdocs/movies-backend-api/vendor/laravel/lumen-framework/src/Concerns/RoutesRequests.php(282): Laravel\\Lumen\\Application->callControllerAction(Array)
#6 /Applications/MAMP/htdocs/movies-backend-api/vendor/laravel/lumen-framework/src/Concerns/RoutesRequests.php(267): Laravel\\Lumen\\Application->callActionOnArrayBasedRoute(Array)
#7 /Applications/MAMP/htdocs/movies-backend-api/vendor/laravel/lumen-framework/src/Concerns/RoutesRequests.php(169): Laravel\\Lumen\\Application->handleFoundRoute(Array)
#8 /Applications/MAMP/htdocs/movies-backend-api/vendor/laravel/lumen-framework/src/Routing/Pipeline.php(48): Laravel\\Lumen\\Application->Laravel\\Lumen\\Concerns\\{closure}(Object(Laravel\\Lumen\\Http\\Request))
#9 /Applications/MAMP/htdocs/movies-backend-api/app/Http/Middleware/CorsMiddleware.php(31): Laravel\\Lumen\\Routing\\Pipeline->Laravel\\Lumen\\Routing\\{closure}(Object(Laravel\\Lumen\\Http\\Request))
#10 /Applications/MAMP/htdocs/movies-backend-api/vendor/illuminate/pipeline/Pipeline.php(167): App\\Http\\Middleware\\CorsMiddleware->handle(Object(Laravel\\Lumen\\Http\\Request), Object(Closure))
#11 /Applications/MAMP/htdocs/movies-backend-api/vendor/laravel/lumen-framework/src/Routing/Pipeline.php(30): Illuminate\\Pipeline\\Pipeline->Illuminate\\Pipeline\\{closure}(Object(Laravel\\Lumen\\Http\\Request))
#12 /Applications/MAMP/htdocs/movies-backend-api/vendor/illuminate/pipeline/Pipeline.php(103): Laravel\\Lumen\\Routing\\Pipeline->Laravel\\Lumen\\Routing\\{closure}(Object(Laravel\\Lumen\\Http\\Request))
#13 /Applications/MAMP/htdocs/movies-backend-api/vendor/laravel/lumen-framework/src/Concerns/RoutesRequests.php(426): Illuminate\\Pipeline\\Pipeline->then(Object(Closure))
#14 /Applications/MAMP/htdocs/movies-backend-api/vendor/laravel/lumen-framework/src/Concerns/RoutesRequests.php(175): Laravel\\Lumen\\Application->sendThroughPipeline(Array, Object(Closure))
#15 /Applications/MAMP/htdocs/movies-backend-api/vendor/laravel/lumen-framework/src/Concerns/RoutesRequests.php(112): Laravel\\Lumen\\Application->dispatch(NULL)
#16 /Applications/MAMP/htdocs/movies-backend-api/public/index.php(28): Laravel\\Lumen\\Application->run()
#17 {main}
"} 
[2024-03-28 20:47:58] local.ERROR: Target class [App\Http\Controllers\MoviesController] does not exist. {"exception":"[object] (Illuminate\\Contracts\\Container\\BindingResolutionException(code: 0): Target class [App\\Http\\Controllers\\MoviesController] does not exist. at /Applications/MAMP/htdocs/movies-backend-api/vendor/illuminate/container/Container.php:879)
[stacktrace]
#0 /Applications/MAMP/htdocs/movies-backend-api/vendor/illuminate/container/Container.php(758): Illuminate\\Container\\Container->build('App\\\\Http\\\\Contro...')
#1 /Applications/MAMP/htdocs/movies-backend-api/vendor/illuminate/container/Container.php(694): Illuminate\\Container\\Container->resolve('App\\\\Http\\\\Contro...', Array)
#2 /Applications/MAMP/htdocs/movies-backend-api/vendor/laravel/lumen-framework/src/Application.php(300): Illuminate\\Container\\Container->make('App\\\\Http\\\\Contro...', Array)
#3 /Applications/MAMP/htdocs/movies-backend-api/vendor/laravel/lumen-framework/src/Concerns/RoutesRequests.php(324): Laravel\\Lumen\\Application->make('App\\\\Http\\\\Contro...')
#4 /Applications/MAMP/htdocs/movies-backend-api/vendor/laravel/lumen-framework/src/Concerns/RoutesRequests.php(282): Laravel\\Lumen\\Application->callControllerAction(Array)
#5 /Applications/MAMP/htdocs/movies-backend-api/vendor/laravel/lumen-framework/src/Concerns/RoutesRequests.php(267): Laravel\\Lumen\\Application->callActionOnArrayBasedRoute(Array)
#6 /Applications/MAMP/htdocs/movies-backend-api/vendor/laravel/lumen-framework/src/Concerns/RoutesRequests.php(169): Laravel\\Lumen\\Application->handleFoundRoute(Array)
#7 /Applications/MAMP/htdocs/movies-backend-api/vendor/laravel/lumen-framework/src/Routing/Pipeline.php(48): Laravel\\Lumen\\Application->Laravel\\Lumen\\Concerns\\{closure}(Object(Laravel\\Lumen\\Http\\Request))
#8 /Applications/MAMP/htdocs/movies-backend-api/app/Http/Middleware/CorsMiddleware.php(31): Laravel\\Lumen\\Routing\\Pipeline->Laravel\\Lumen\\Routing\\{closure}(Object(Laravel\\Lumen\\Http\\Request))
#9 /Applications/MAMP/htdocs/movies-backend-api/vendor/illuminate/pipeline/Pipeline.php(167): App\\Http\\Middleware\\CorsMiddleware->handle(Object(Laravel\\Lumen\\Http\\Request), Object(Closure))
#10 /Applications/MAMP/htdocs/movies-backend-api/vendor/laravel/lumen-framework/src/Routing/Pipeline.php(30): Illuminate\\Pipeline\\Pipeline->Illuminate\\Pipeline\\{closure}(Object(Laravel\\Lumen\\Http\\Request))
#11 /Applications/MAMP/htdocs/movies-backend-api/vendor/illuminate/pipeline/Pipeline.php(103): Laravel\\Lumen\\Routing\\Pipeline->Laravel\\Lumen\\Routing\\{closure}(Object(Laravel\\Lumen\\Http\\Request))
#12 /Applications/MAMP/htdocs/movies-backend-api/vendor/laravel/lumen-framework/src/Concerns/RoutesRequests.php(426): Illuminate\\Pipeline\\Pipeline->then(Object(Closure))
#13 /Applications/MAMP/htdocs/movies-backend-api/vendor/laravel/lumen-framework/src/Concerns/RoutesRequests.php(175): Laravel\\Lumen\\Application->sendThroughPipeline(Array, Object(Closure))
#14 /Applications/MAMP/htdocs/movies-backend-api/vendor/laravel/lumen-framework/src/Concerns/RoutesRequests.php(112): Laravel\\Lumen\\Application->dispatch(NULL)
#15 /Applications/MAMP/htdocs/movies-backend-api/public/index.php(28): Laravel\\Lumen\\Application->run()
#16 {main}

[previous exception] [object] (ReflectionException(code: -1): Class App\\Http\\Controllers\\MoviesController does not exist at /Applications/MAMP/htdocs/movies-backend-api/vendor/illuminate/container/Container.php:877)
[stacktrace]
#0 /Applications/MAMP/htdocs/movies-backend-api/vendor/illuminate/container/Container.php(877): ReflectionClass->__construct('App\\\\Http\\\\Contro...')
#1 /Applications/MAMP/htdocs/movies-backend-api/vendor/illuminate/container/Container.php(758): Illuminate\\Container\\Container->build('App\\\\Http\\\\Contro...')
#2 /Applications/MAMP/htdocs/movies-backend-api/vendor/illuminate/container/Container.php(694): Illuminate\\Container\\Container->resolve('App\\\\Http\\\\Contro...', Array)
#3 /Applications/MAMP/htdocs/movies-backend-api/vendor/laravel/lumen-framework/src/Application.php(300): Illuminate\\Container\\Container->make('App\\\\Http\\\\Contro...', Array)
#4 /Applications/MAMP/htdocs/movies-backend-api/vendor/laravel/lumen-framework/src/Concerns/RoutesRequests.php(324): Laravel\\Lumen\\Application->make('App\\\\Http\\\\Contro...')
#5 /Applications/MAMP/htdocs/movies-backend-api/vendor/laravel/lumen-framework/src/Concerns/RoutesRequests.php(282): Laravel\\Lumen\\Application->callControllerAction(Array)
#6 /Applications/MAMP/htdocs/movies-backend-api/vendor/laravel/lumen-framework/src/Concerns/RoutesRequests.php(267): Laravel\\Lumen\\Application->callActionOnArrayBasedRoute(Array)
#7 /Applications/MAMP/htdocs/movies-backend-api/vendor/laravel/lumen-framework/src/Concerns/RoutesRequests.php(169): Laravel\\Lumen\\Application->handleFoundRoute(Array)
#8 /Applications/MAMP/htdocs/movies-backend-api/vendor/laravel/lumen-framework/src/Routing/Pipeline.php(48): Laravel\\Lumen\\Application->Laravel\\Lumen\\Concerns\\{closure}(Object(Laravel\\Lumen\\Http\\Request))
#9 /Applications/MAMP/htdocs/movies-backend-api/app/Http/Middleware/CorsMiddleware.php(31): Laravel\\Lumen\\Routing\\Pipeline->Laravel\\Lumen\\Routing\\{closure}(Object(Laravel\\Lumen\\Http\\Request))
#10 /Applications/MAMP/htdocs/movies-backend-api/vendor/illuminate/pipeline/Pipeline.php(167): App\\Http\\Middleware\\CorsMiddleware->handle(Object(Laravel\\Lumen\\Http\\Request), Object(Closure))
#11 /Applications/MAMP/htdocs/movies-backend-api/vendor/laravel/lumen-framework/src/Routing/Pipeline.php(30): Illuminate\\Pipeline\\Pipeline->Illuminate\\Pipeline\\{closure}(Object(Laravel\\Lumen\\Http\\Request))
#12 /Applications/MAMP/htdocs/movies-backend-api/vendor/illuminate/pipeline/Pipeline.php(103): Laravel\\Lumen\\Routing\\Pipeline->Laravel\\Lumen\\Routing\\{closure}(Object(Laravel\\Lumen\\Http\\Request))
#13 /Applications/MAMP/htdocs/movies-backend-api/vendor/laravel/lumen-framework/src/Concerns/RoutesRequests.php(426): Illuminate\\Pipeline\\Pipeline->then(Object(Closure))
#14 /Applications/MAMP/htdocs/movies-backend-api/vendor/laravel/lumen-framework/src/Concerns/RoutesRequests.php(175): Laravel\\Lumen\\Application->sendThroughPipeline(Array, Object(Closure))
#15 /Applications/MAMP/htdocs/movies-backend-api/vendor/laravel/lumen-framework/src/Concerns/RoutesRequests.php(112): Laravel\\Lumen\\Application->dispatch(NULL)
#16 /Applications/MAMP/htdocs/movies-backend-api/public/index.php(28): Laravel\\Lumen\\Application->run()
#17 {main}
"} 
